loss scale: 1
Selected optimization level O0:  Pure FP32 training.

Defaults for this optimization level are:
enabled                : True
opt_level              : O0
cast_model_type        : torch.float32
patch_torch_functions  : False
keep_batchnorm_fp32    : None
master_weights         : False
loss_scale             : 1.0
Processing user overrides (additional kwargs that are not None)...
After processing overrides, optimization options are:
enabled                : True
opt_level              : O0
cast_model_type        : torch.float32
patch_torch_functions  : False
keep_batchnorm_fp32    : None
master_weights         : False
loss_scale             : 1.0
Warning:  multi_tensor_applier fused unscale kernel is unavailable, possibly because apex was installed without --cuda_ext --cpp_ext. Using Python fallback.  Original ImportError was: ModuleNotFoundError("No module named 'amp_C'")
DeepSpeech(
  (conv): MaskConv(
    (seq_module): Sequential(
      (0): Conv2d(1, 32, kernel_size=(41, 11), stride=(2, 2), padding=(20, 5))
      (1): BatchNorm2d(32, eps=1e-05, momentum=0.1, affine=True, track_running_stats=True)
      (2): Hardtanh(min_val=0, max_val=20, inplace=True)
      (3): Conv2d(32, 32, kernel_size=(21, 11), stride=(2, 1), padding=(10, 5))
      (4): BatchNorm2d(32, eps=1e-05, momentum=0.1, affine=True, track_running_stats=True)
      (5): Hardtanh(min_val=0, max_val=20, inplace=True)
    )
  )
  (rnns): Sequential(
    (0): BatchRNN(
      (rnn): LSTM(2080, 512)
    )
    (1): BatchRNN(
      (batch_norm): SequenceWise (
      BatchNorm1d(512, eps=1e-05, momentum=0.1, affine=True, track_running_stats=True))
      (rnn): LSTM(512, 512)
    )
    (2): BatchRNN(
      (batch_norm): SequenceWise (
      BatchNorm1d(512, eps=1e-05, momentum=0.1, affine=True, track_running_stats=True))
      (rnn): LSTM(512, 512)
    )
    (3): BatchRNN(
      (batch_norm): SequenceWise (
      BatchNorm1d(512, eps=1e-05, momentum=0.1, affine=True, track_running_stats=True))
      (rnn): LSTM(512, 512)
    )
    (4): BatchRNN(
      (batch_norm): SequenceWise (
      BatchNorm1d(512, eps=1e-05, momentum=0.1, affine=True, track_running_stats=True))
      (rnn): LSTM(512, 512)
    )
  )
  (lookahead): Sequential(
    (0): Lookahead(n_features=512, context=20)
    (1): Hardtanh(min_val=0, max_val=20, inplace=True)
  )
  (fc): Sequential(
    (0): SequenceWise (
    Sequential(
      (0): BatchNorm1d(512, eps=1e-05, momentum=0.1, affine=True, track_running_stats=True)
      (1): Linear(in_features=512, out_features=40, bias=False)
    ))
  )
  (inference_softmax): InferenceBatchSoftmax()
)
Number of parameters: 14004512
Epoch: [1][1/1427]	Time 6.902 (6.902)	Data 5.724 (5.724)	Loss 1009.2222 (1009.2222)	
Epoch: [1][2/1427]	Time 1.036 (3.969)	Data 0.017 (2.871)	Loss 883.1088 (946.1655)	
Epoch: [1][3/1427]	Time 1.155 (3.031)	Data 0.017 (1.920)	Loss 955.0667 (949.1326)	
Epoch: [1][4/1427]	Time 1.085 (2.544)	Data 0.009 (1.442)	Loss 835.6848 (920.7706)	
Epoch: [1][5/1427]	Time 2.947 (2.625)	Data 1.829 (1.519)	Loss 523.3432 (841.2851)	
Epoch: [1][6/1427]	Time 1.020 (2.358)	Data 0.004 (1.267)	Loss 437.0233 (773.9082)	
Epoch: [1][7/1427]	Time 1.161 (2.187)	Data 0.018 (1.088)	Loss 511.1861 (736.3764)	
Epoch: [1][8/1427]	Time 1.233 (2.067)	Data 0.009 (0.953)	Loss 536.0070 (711.3303)	
Epoch: [1][9/1427]	Time 3.165 (2.189)	Data 1.991 (1.069)	Loss 544.4304 (692.7858)	
Epoch: [1][10/1427]	Time 1.192 (2.090)	Data 0.009 (0.963)	Loss 562.9227 (679.7995)	
Epoch: [1][11/1427]	Time 1.131 (2.003)	Data 0.010 (0.876)	Loss 485.1182 (662.1012)	
Epoch: [1][12/1427]	Time 1.150 (1.931)	Data 0.018 (0.805)	Loss 498.6158 (648.4774)	
Epoch: [1][13/1427]	Time 4.026 (2.093)	Data 2.887 (0.965)	Loss 433.0031 (631.9025)	
Epoch: [1][14/1427]	Time 1.149 (2.025)	Data 0.004 (0.896)	Loss 478.7745 (620.9648)	
Epoch: [1][15/1427]	Time 1.180 (1.969)	Data 0.006 (0.837)	Loss 415.6042 (607.2741)	
Epoch: [1][16/1427]	Time 1.175 (1.919)	Data 0.015 (0.785)	Loss 480.3152 (599.3391)	
Epoch: [1][17/1427]	Time 3.222 (1.996)	Data 2.201 (0.869)	Loss 406.2686 (587.9820)	
Epoch: [1][18/1427]	Time 1.126 (1.948)	Data 0.036 (0.822)	Loss 680.1721 (593.1037)	
Epoch: [1][19/1427]	Time 1.104 (1.903)	Data 0.004 (0.779)	Loss 634.9809 (595.3078)	
Epoch: [1][20/1427]	Time 1.027 (1.859)	Data 0.036 (0.742)	Loss 509.0931 (590.9970)	
Epoch: [1][21/1427]	Time 3.757 (1.950)	Data 2.586 (0.830)	Loss 524.7686 (587.8433)	
Epoch: [1][22/1427]	Time 1.200 (1.916)	Data 0.007 (0.793)	Loss 605.4003 (588.6413)	
Epoch: [1][23/1427]	Time 1.048 (1.878)	Data 0.006 (0.758)	Loss 522.6364 (585.7716)	
Epoch: [1][24/1427]	Time 1.016 (1.842)	Data 0.019 (0.728)	Loss 401.1126 (578.0774)	
Epoch: [1][25/1427]	Time 11.024 (2.209)	Data 9.899 (1.094)	Loss 341.1969 (568.6022)	
Epoch: [1][26/1427]	Time 0.977 (2.162)	Data 0.005 (1.053)	Loss 290.5934 (557.9096)	
Epoch: [1][27/1427]	Time 1.101 (2.123)	Data 0.004 (1.014)	Loss 459.8526 (554.2778)	
Epoch: [1][28/1427]	Time 1.126 (2.087)	Data 0.009 (0.978)	Loss 337.9192 (546.5507)	
Epoch: [1][29/1427]	Time 3.567 (2.138)	Data 2.442 (1.028)	Loss 382.7948 (540.9040)	
Epoch: [1][30/1427]	Time 1.180 (2.106)	Data 0.005 (0.994)	Loss 529.8749 (540.5363)	
Epoch: [1][31/1427]	Time 1.175 (2.076)	Data 0.016 (0.963)	Loss 500.0106 (539.2291)	
Epoch: [1][32/1427]	Time 1.144 (2.047)	Data 0.011 (0.933)	Loss 443.5716 (536.2398)	
Epoch: [1][33/1427]	Time 3.840 (2.101)	Data 2.691 (0.986)	Loss 443.2880 (533.4230)	
Epoch: [1][34/1427]	Time 1.024 (2.070)	Data 0.006 (0.957)	Loss 429.6302 (530.3703)	
Epoch: [1][35/1427]	Time 1.222 (2.045)	Data 0.026 (0.931)	Loss 487.6345 (529.1493)	
Epoch: [1][36/1427]	Time 1.253 (2.023)	Data 0.030 (0.906)	Loss 612.8497 (531.4743)	
Epoch: [1][37/1427]	Time 3.711 (2.069)	Data 2.619 (0.952)	Loss 567.5235 (532.4486)	
Epoch: [1][38/1427]	Time 1.093 (2.043)	Data 0.005 (0.927)	Loss 557.2189 (533.1005)	
Epoch: [1][39/1427]	Time 1.213 (2.022)	Data 0.008 (0.904)	Loss 571.3416 (534.0810)	
Epoch: [1][40/1427]	Time 1.070 (1.998)	Data 0.012 (0.881)	Loss 537.8548 (534.1753)	
Epoch: [1][41/1427]	Time 3.994 (2.047)	Data 2.914 (0.931)	Loss 534.7663 (534.1898)	
Epoch: [1][42/1427]	Time 1.164 (2.026)	Data 0.006 (0.909)	Loss 524.8961 (533.9685)	
Epoch: [1][43/1427]	Time 1.204 (2.007)	Data 0.045 (0.889)	Loss 486.0325 (532.8537)	
Epoch: [1][44/1427]	Time 1.233 (1.989)	Data 0.008 (0.869)	Loss 518.6541 (532.5310)	
Epoch: [1][45/1427]	Time 3.557 (2.024)	Data 2.479 (0.905)	Loss 411.5298 (529.8421)	
Epoch: [1][46/1427]	Time 1.087 (2.004)	Data 0.004 (0.885)	Loss 365.9100 (526.2783)	
Epoch: [1][47/1427]	Time 1.079 (1.984)	Data 0.009 (0.866)	Loss 344.4353 (522.4093)	
Epoch: [1][48/1427]	Time 1.139 (1.966)	Data 0.030 (0.849)	Loss 408.9690 (520.0460)	
Epoch: [1][49/1427]	Time 4.234 (2.013)	Data 3.135 (0.896)	Loss 444.9150 (518.5127)	
Epoch: [1][50/1427]	Time 1.019 (1.993)	Data 0.005 (0.878)	Loss 400.6223 (516.1549)	
Epoch: [1][51/1427]	Time 1.179 (1.977)	Data 0.009 (0.861)	Loss 555.0309 (516.9172)	
Epoch: [1][52/1427]	Time 1.105 (1.960)	Data 0.010 (0.844)	Loss 485.0582 (516.3045)	
Epoch: [1][53/1427]	Time 4.170 (2.002)	Data 3.136 (0.888)	Loss 402.3880 (514.1551)	
Epoch: [1][54/1427]	Time 1.062 (1.984)	Data 0.005 (0.871)	Loss 438.7319 (512.7584)	
Epoch: [1][55/1427]	Time 1.128 (1.969)	Data 0.024 (0.856)	Loss 463.4208 (511.8613)	
Epoch: [1][56/1427]	Time 1.028 (1.952)	Data 0.005 (0.841)	Loss 380.6533 (509.5183)	
Epoch: [1][57/1427]	Time 2.981 (1.970)	Data 1.888 (0.859)	Loss 379.0293 (507.2291)	
Epoch: [1][58/1427]	Time 1.233 (1.957)	Data 0.016 (0.844)	Loss 389.7907 (505.2043)	
Epoch: [1][59/1427]	Time 1.264 (1.946)	Data 0.132 (0.832)	Loss 482.0299 (504.8115)	
Epoch: [1][60/1427]	Time 1.096 (1.931)	Data 0.005 (0.819)	Loss 431.6353 (503.5919)	
Epoch: [1][61/1427]	Time 3.584 (1.958)	Data 2.397 (0.844)	Loss 428.7260 (502.3646)	
Epoch: [1][62/1427]	Time 1.167 (1.946)	Data 0.011 (0.831)	Loss 420.2938 (501.0408)	
Epoch: [1][63/1427]	Time 1.429 (1.938)	Data 0.347 (0.823)	Loss 496.6870 (500.9717)	
Epoch: [1][64/1427]	Time 1.174 (1.926)	Data 0.004 (0.811)	Loss 475.0387 (500.5665)	
Epoch: [1][65/1427]	Time 3.304 (1.947)	Data 2.165 (0.831)	Loss 457.8064 (499.9087)	
Epoch: [1][66/1427]	Time 1.130 (1.934)	Data 0.005 (0.819)	Loss 456.7213 (499.2543)	
Epoch: [1][67/1427]	Time 1.274 (1.925)	Data 0.155 (0.809)	Loss 499.2952 (499.2549)	
Epoch: [1][68/1427]	Time 1.056 (1.912)	Data 0.004 (0.797)	Loss 418.5952 (498.0688)	
Epoch: [1][69/1427]	Time 3.473 (1.934)	Data 2.266 (0.818)	Loss 501.5630 (498.1194)	
Epoch: [1][70/1427]	Time 1.069 (1.922)	Data 0.009 (0.807)	Loss 451.2477 (497.4498)	
Epoch: [1][71/1427]	Time 1.094 (1.910)	Data 0.017 (0.796)	Loss 433.3675 (496.5472)	
Epoch: [1][72/1427]	Time 1.206 (1.901)	Data 0.005 (0.785)	Loss 475.7373 (496.2582)	
Epoch: [1][73/1427]	Time 3.023 (1.916)	Data 1.844 (0.799)	Loss 420.3406 (495.2182)	
Epoch: [1][74/1427]	Time 1.007 (1.904)	Data 0.005 (0.789)	Loss 378.9577 (493.6472)	
Epoch: [1][75/1427]	Time 1.414 (1.897)	Data 0.166 (0.780)	Loss 469.6589 (493.3273)	
Epoch: [1][76/1427]	Time 1.258 (1.889)	Data 0.005 (0.770)	Loss 518.3051 (493.6560)	
Epoch: [1][77/1427]	Time 3.470 (1.909)	Data 2.324 (0.790)	Loss 449.4812 (493.0823)	
Epoch: [1][78/1427]	Time 1.172 (1.900)	Data 0.012 (0.780)	Loss 434.5562 (492.3319)	
Epoch: [1][79/1427]	Time 1.312 (1.892)	Data 0.160 (0.772)	Loss 420.6006 (491.4239)	
Epoch: [1][80/1427]	Time 1.119 (1.883)	Data 0.004 (0.763)	Loss 431.0159 (490.6688)	
Epoch: [1][81/1427]	Time 3.296 (1.900)	Data 2.181 (0.780)	Loss 473.7292 (490.4597)	
Epoch: [1][82/1427]	Time 1.135 (1.891)	Data 0.005 (0.771)	Loss 471.1530 (490.2243)	
Epoch: [1][83/1427]	Time 1.329 (1.884)	Data 0.194 (0.764)	Loss 452.5417 (489.7703)	
Epoch: [1][84/1427]	Time 1.082 (1.875)	Data 0.004 (0.755)	Loss 471.0089 (489.5469)	
Epoch: [1][85/1427]	Time 3.425 (1.893)	Data 2.306 (0.773)	Loss 442.2181 (488.9901)	
Epoch: [1][86/1427]	Time 1.227 (1.885)	Data 0.005 (0.764)	Loss 473.4369 (488.8092)	
Epoch: [1][87/1427]	Time 1.023 (1.875)	Data 0.013 (0.756)	Loss 338.1977 (487.0781)	
Epoch: [1][88/1427]	Time 0.999 (1.865)	Data 0.004 (0.747)	Loss 307.8976 (485.0419)	
Epoch: [1][89/1427]	Time 3.266 (1.881)	Data 2.100 (0.762)	Loss 335.0836 (483.3570)	
Epoch: [1][90/1427]	Time 1.123 (1.872)	Data 0.005 (0.754)	Loss 417.4454 (482.6247)	
Epoch: [1][91/1427]	Time 1.550 (1.869)	Data 0.372 (0.750)	Loss 416.6378 (481.8995)	
Epoch: [1][92/1427]	Time 1.112 (1.861)	Data 0.005 (0.741)	Loss 438.9455 (481.4326)	
Epoch: [1][93/1427]	Time 2.829 (1.871)	Data 1.706 (0.752)	Loss 482.1953 (481.4408)	
Epoch: [1][94/1427]	Time 1.076 (1.863)	Data 0.004 (0.744)	Loss 399.4886 (480.5690)	
Epoch: [1][95/1427]	Time 1.583 (1.860)	Data 0.475 (0.741)	Loss 509.2351 (480.8708)	
Epoch: [1][96/1427]	Time 1.187 (1.853)	Data 0.005 (0.733)	Loss 472.0211 (480.7786)	
Epoch: [1][97/1427]	Time 3.169 (1.866)	Data 2.059 (0.747)	Loss 428.1792 (480.2363)	
Epoch: [1][98/1427]	Time 1.071 (1.858)	Data 0.005 (0.739)	Loss 468.0389 (480.1118)	
Epoch: [1][99/1427]	Time 2.199 (1.862)	Data 1.083 (0.743)	Loss 490.9963 (480.2218)	
Epoch: [1][100/1427]	Time 1.125 (1.854)	Data 0.005 (0.736)	Loss 471.0271 (480.1298)	
Epoch: [1][101/1427]	Time 2.648 (1.862)	Data 1.490 (0.743)	Loss 467.0816 (480.0007)	
Epoch: [1][102/1427]	Time 1.139 (1.855)	Data 0.004 (0.736)	Loss 463.6460 (479.8403)	
Epoch: [1][103/1427]	Time 2.387 (1.860)	Data 1.249 (0.741)	Loss 398.2319 (479.0480)	
Epoch: [1][104/1427]	Time 1.153 (1.853)	Data 0.004 (0.734)	Loss 443.3214 (478.7045)	
Epoch: [1][105/1427]	Time 2.880 (1.863)	Data 1.760 (0.743)	Loss 442.2376 (478.3572)	
Epoch: [1][106/1427]	Time 1.062 (1.856)	Data 0.005 (0.736)	Loss 438.6493 (477.9826)	
Epoch: [1][107/1427]	Time 2.030 (1.857)	Data 0.908 (0.738)	Loss 389.2155 (477.1530)	
Epoch: [1][108/1427]	Time 1.129 (1.851)	Data 0.012 (0.731)	Loss 414.7502 (476.5752)	
Epoch: [1][109/1427]	Time 3.448 (1.865)	Data 2.277 (0.746)	Loss 445.0934 (476.2863)	
Epoch: [1][110/1427]	Time 1.205 (1.859)	Data 0.005 (0.739)	Loss 424.1316 (475.8122)	
Epoch: [1][111/1427]	Time 2.083 (1.861)	Data 0.843 (0.740)	Loss 425.4306 (475.3583)	
Epoch: [1][112/1427]	Time 1.120 (1.855)	Data 0.008 (0.733)	Loss 391.8916 (474.6131)	
Epoch: [1][113/1427]	Time 3.148 (1.866)	Data 1.846 (0.743)	Loss 387.3440 (473.8408)	
Epoch: [1][114/1427]	Time 1.137 (1.860)	Data 0.017 (0.737)	Loss 397.2436 (473.1689)	
Epoch: [1][115/1427]	Time 2.203 (1.863)	Data 0.995 (0.739)	Loss 357.8451 (472.1661)	
Epoch: [1][116/1427]	Time 1.155 (1.856)	Data 0.005 (0.733)	Loss 329.9628 (470.9402)	
Epoch: [1][117/1427]	Time 3.082 (1.867)	Data 1.931 (0.743)	Loss 365.2684 (470.0370)	
Epoch: [1][118/1427]	Time 0.972 (1.859)	Data 0.006 (0.737)	Loss 359.5420 (469.1006)	
Epoch: [1][119/1427]	Time 2.332 (1.863)	Data 1.220 (0.741)	Loss 508.7177 (469.4335)	
Epoch: [1][120/1427]	Time 1.196 (1.858)	Data 0.017 (0.735)	Loss 453.2447 (469.2986)	
Epoch: [1][121/1427]	Time 3.085 (1.868)	Data 1.828 (0.744)	Loss 549.1192 (469.9583)	
Epoch: [1][122/1427]	Time 1.289 (1.863)	Data 0.005 (0.738)	Loss 508.4657 (470.2739)	
Epoch: [1][123/1427]	Time 2.258 (1.866)	Data 1.073 (0.740)	Loss 529.9362 (470.7590)	
Epoch: [1][124/1427]	Time 1.056 (1.860)	Data 0.008 (0.734)	Loss 474.6795 (470.7906)	
Epoch: [1][125/1427]	Time 3.329 (1.872)	Data 2.177 (0.746)	Loss 505.1479 (471.0655)	
Epoch: [1][126/1427]	Time 1.202 (1.866)	Data 0.008 (0.740)	Loss 524.1878 (471.4871)	
Epoch: [1][127/1427]	Time 2.238 (1.869)	Data 1.177 (0.744)	Loss 554.7347 (472.1426)	
Epoch: [1][128/1427]	Time 1.186 (1.864)	Data 0.005 (0.738)	Loss 511.1881 (472.4476)	
Epoch: [1][129/1427]	Time 1.827 (1.864)	Data 0.711 (0.738)	Loss 457.3595 (472.3306)	
Epoch: [1][130/1427]	Time 1.140 (1.858)	Data 0.004 (0.732)	Loss 416.2281 (471.8991)	
Epoch: [1][131/1427]	Time 3.227 (1.868)	Data 1.994 (0.742)	Loss 485.1138 (472.0000)	
Epoch: [1][132/1427]	Time 1.136 (1.863)	Data 0.005 (0.736)	Loss 483.4438 (472.0867)	
Epoch: [1][133/1427]	Time 2.069 (1.864)	Data 0.945 (0.738)	Loss 423.9613 (471.7248)	
Epoch: [1][134/1427]	Time 1.160 (1.859)	Data 0.008 (0.732)	Loss 453.1859 (471.5865)	
Epoch: [1][135/1427]	Time 3.231 (1.869)	Data 2.067 (0.742)	Loss 455.1205 (471.4645)	
Epoch: [1][136/1427]	Time 1.098 (1.864)	Data 0.004 (0.737)	Loss 459.0674 (471.3733)	
Epoch: [1][137/1427]	Time 2.422 (1.868)	Data 1.225 (0.740)	Loss 440.0962 (471.1450)	
Epoch: [1][138/1427]	Time 1.204 (1.863)	Data 0.012 (0.735)	Loss 421.6484 (470.7864)	
Epoch: [1][139/1427]	Time 3.460 (1.874)	Data 2.221 (0.746)	Loss 514.4633 (471.1006)	
Epoch: [1][140/1427]	Time 1.151 (1.869)	Data 0.005 (0.740)	Loss 542.3793 (471.6097)	
Epoch: [1][141/1427]	Time 1.368 (1.866)	Data 0.216 (0.737)	Loss 508.5342 (471.8716)	
Epoch: [1][142/1427]	Time 1.169 (1.861)	Data 0.005 (0.731)	Loss 476.8777 (471.9068)	
Epoch: [1][143/1427]	Time 3.534 (1.873)	Data 2.458 (0.743)	Loss 434.7169 (471.6468)	
Epoch: [1][144/1427]	Time 1.075 (1.867)	Data 0.005 (0.738)	Loss 437.2209 (471.4077)	
Epoch: [1][145/1427]	Time 1.205 (1.862)	Data 0.013 (0.733)	Loss 525.7516 (471.7825)	
Epoch: [1][146/1427]	Time 1.213 (1.858)	Data 0.005 (0.728)	Loss 491.7540 (471.9193)	
Epoch: [1][147/1427]	Time 3.028 (1.866)	Data 1.902 (0.736)	Loss 431.6150 (471.6451)	
Epoch: [1][148/1427]	Time 1.111 (1.861)	Data 0.005 (0.731)	Loss 436.2898 (471.4062)	
Epoch: [1][149/1427]	Time 2.053 (1.862)	Data 0.873 (0.732)	Loss 425.3241 (471.0969)	
Epoch: [1][150/1427]	Time 1.057 (1.857)	Data 0.005 (0.727)	Loss 424.8867 (470.7889)	
Epoch: [1][151/1427]	Time 3.409 (1.867)	Data 2.172 (0.737)	Loss 468.9666 (470.7768)	
Epoch: [1][152/1427]	Time 1.190 (1.863)	Data 0.005 (0.732)	Loss 472.9792 (470.7913)	
Epoch: [1][153/1427]	Time 1.385 (1.859)	Data 0.248 (0.729)	Loss 413.9012 (470.4195)	
Epoch: [1][154/1427]	Time 1.080 (1.854)	Data 0.005 (0.724)	Loss 353.5819 (469.6608)	
Epoch: [1][155/1427]	Time 2.850 (1.861)	Data 1.758 (0.731)	Loss 396.2704 (469.1873)	
Epoch: [1][156/1427]	Time 1.144 (1.856)	Data 0.005 (0.726)	Loss 355.0512 (468.4556)	
Epoch: [1][157/1427]	Time 1.769 (1.856)	Data 0.743 (0.726)	Loss 387.5428 (467.9403)	
Epoch: [1][158/1427]	Time 1.183 (1.851)	Data 0.005 (0.722)	Loss 419.7213 (467.6351)	
Epoch: [1][159/1427]	Time 3.481 (1.862)	Data 2.261 (0.732)	Loss 450.3986 (467.5267)	
Epoch: [1][160/1427]	Time 1.163 (1.857)	Data 0.005 (0.727)	Loss 440.7381 (467.3593)	
Epoch: [1][161/1427]	Time 1.277 (1.854)	Data 0.147 (0.723)	Loss 523.0861 (467.7054)	
Epoch: [1][162/1427]	Time 1.147 (1.849)	Data 0.004 (0.719)	Loss 477.7955 (467.7677)	
Epoch: [1][163/1427]	Time 3.906 (1.862)	Data 2.682 (0.731)	Loss 516.1633 (468.0646)	
Epoch: [1][164/1427]	Time 1.162 (1.858)	Data 0.004 (0.727)	Loss 509.9944 (468.3203)	
Epoch: [1][165/1427]	Time 1.255 (1.854)	Data 0.070 (0.723)	Loss 484.0438 (468.4155)	
Epoch: [1][166/1427]	Time 1.070 (1.849)	Data 0.005 (0.718)	Loss 378.9860 (467.8768)	
Epoch: [1][167/1427]	Time 3.432 (1.859)	Data 2.281 (0.728)	Loss 442.3346 (467.7239)	
Epoch: [1][168/1427]	Time 1.224 (1.855)	Data 0.004 (0.723)	Loss 435.0591 (467.5294)	
Epoch: [1][169/1427]	Time 1.235 (1.851)	Data 0.077 (0.720)	Loss 406.9749 (467.1711)	
Epoch: [1][170/1427]	Time 1.129 (1.847)	Data 0.005 (0.715)	Loss 429.4091 (466.9490)	
Epoch: [1][171/1427]	Time 3.580 (1.857)	Data 2.473 (0.726)	Loss 447.2349 (466.8337)	
Epoch: [1][172/1427]	Time 1.125 (1.853)	Data 0.005 (0.721)	Loss 461.5473 (466.8030)	
Epoch: [1][173/1427]	Time 1.190 (1.849)	Data 0.018 (0.717)	Loss 409.2897 (466.4705)	
Epoch: [1][174/1427]	Time 1.144 (1.845)	Data 0.010 (0.713)	Loss 448.7873 (466.3689)	
Epoch: [1][175/1427]	Time 3.599 (1.855)	Data 2.409 (0.723)	Loss 380.0499 (465.8756)	
Epoch: [1][176/1427]	Time 1.213 (1.851)	Data 0.005 (0.719)	Loss 410.0103 (465.5582)	
Epoch: [1][177/1427]	Time 1.131 (1.847)	Data 0.008 (0.715)	Loss 416.7732 (465.2826)	
Epoch: [1][178/1427]	Time 1.165 (1.844)	Data 0.008 (0.711)	Loss 489.3090 (465.4176)	
Epoch: [1][179/1427]	Time 3.218 (1.851)	Data 2.170 (0.719)	Loss 434.7564 (465.2463)	
Epoch: [1][180/1427]	Time 1.198 (1.848)	Data 0.013 (0.715)	Loss 364.0416 (464.6840)	
Epoch: [1][181/1427]	Time 1.072 (1.843)	Data 0.010 (0.711)	Loss 380.5640 (464.2193)	
Epoch: [1][182/1427]	Time 1.132 (1.839)	Data 0.010 (0.707)	Loss 414.7402 (463.9474)	
Epoch: [1][183/1427]	Time 3.925 (1.851)	Data 2.816 (0.719)	Loss 449.1034 (463.8663)	
Epoch: [1][184/1427]	Time 1.226 (1.847)	Data 0.005 (0.715)	Loss 487.3626 (463.9940)	
Epoch: [1][185/1427]	Time 1.236 (1.844)	Data 0.005 (0.711)	Loss 434.0128 (463.8320)	
Epoch: [1][186/1427]	Time 1.111 (1.840)	Data 0.019 (0.708)	Loss 420.3117 (463.5980)	
Epoch: [1][187/1427]	Time 3.580 (1.849)	Data 2.458 (0.717)	Loss 414.2654 (463.3342)	
Epoch: [1][188/1427]	Time 1.097 (1.845)	Data 0.005 (0.713)	Loss 489.5162 (463.4734)	
Epoch: [1][189/1427]	Time 1.104 (1.842)	Data 0.015 (0.709)	Loss 424.3234 (463.2663)	
Epoch: [1][190/1427]	Time 1.250 (1.838)	Data 0.015 (0.706)	Loss 436.8216 (463.1271)	
Epoch: [1][191/1427]	Time 3.495 (1.847)	Data 2.281 (0.714)	Loss 453.8377 (463.0785)	
Epoch: [1][192/1427]	Time 0.888 (1.842)	Data 0.005 (0.710)	Loss 202.7072 (461.7224)	
Epoch: [1][193/1427]	Time 0.896 (1.837)	Data 0.004 (0.707)	Loss 201.8184 (460.3757)	
Epoch: [1][194/1427]	Time 0.712 (1.831)	Data 0.013 (0.703)	Loss 193.6166 (459.0007)	
Epoch: [1][195/1427]	Time 3.111 (1.838)	Data 2.074 (0.710)	Loss 255.3809 (457.9565)	
Epoch: [1][196/1427]	Time 1.149 (1.834)	Data 0.004 (0.706)	Loss 499.0382 (458.1661)	
Epoch: [1][197/1427]	Time 1.026 (1.830)	Data 0.005 (0.703)	Loss 409.2945 (457.9180)	
Epoch: [1][198/1427]	Time 1.187 (1.827)	Data 0.029 (0.700)	Loss 523.2407 (458.2479)	
Epoch: [1][199/1427]	Time 3.459 (1.835)	Data 2.292 (0.708)	Loss 421.4987 (458.0632)	
Epoch: [1][200/1427]	Time 1.143 (1.832)	Data 0.006 (0.704)	Loss 468.8846 (458.1173)	
Epoch: [1][201/1427]	Time 1.163 (1.829)	Data 0.005 (0.701)	Loss 499.8921 (458.3252)	
Epoch: [1][202/1427]	Time 1.091 (1.825)	Data 0.009 (0.697)	Loss 331.0530 (457.6951)	
Epoch: [1][203/1427]	Time 3.108 (1.831)	Data 2.122 (0.704)	Loss 370.8501 (457.2673)	
Epoch: [1][204/1427]	Time 1.055 (1.827)	Data 0.004 (0.701)	Loss 437.2883 (457.1694)	
Epoch: [1][205/1427]	Time 1.047 (1.824)	Data 0.006 (0.697)	Loss 314.0639 (456.4713)	
Epoch: [1][206/1427]	Time 1.111 (1.820)	Data 0.037 (0.694)	Loss 398.5553 (456.1901)	
Epoch: [1][207/1427]	Time 4.439 (1.833)	Data 3.272 (0.707)	Loss 454.9455 (456.1841)	
Epoch: [1][208/1427]	Time 1.110 (1.829)	Data 0.004 (0.703)	Loss 493.2422 (456.3623)	
Epoch: [1][209/1427]	Time 1.236 (1.826)	Data 0.005 (0.700)	Loss 475.9297 (456.4559)	
Epoch: [1][210/1427]	Time 1.248 (1.824)	Data 0.010 (0.697)	Loss 482.6701 (456.5807)	
Epoch: [1][211/1427]	Time 3.612 (1.832)	Data 2.558 (0.705)	Loss 430.7254 (456.4582)	
Epoch: [1][212/1427]	Time 1.313 (1.830)	Data 0.011 (0.702)	Loss 464.8151 (456.4976)	
Epoch: [1][213/1427]	Time 1.155 (1.827)	Data 0.006 (0.699)	Loss 477.9378 (456.5983)	
Epoch: [1][214/1427]	Time 1.132 (1.823)	Data 0.012 (0.696)	Loss 438.5162 (456.5138)	
Epoch: [1][215/1427]	Time 3.273 (1.830)	Data 2.110 (0.702)	Loss 528.7934 (456.8500)	
Epoch: [1][216/1427]	Time 1.225 (1.827)	Data 0.005 (0.699)	Loss 542.9033 (457.2484)	
Epoch: [1][217/1427]	Time 1.156 (1.824)	Data 0.009 (0.696)	Loss 378.9264 (456.8874)	
Epoch: [1][218/1427]	Time 1.104 (1.821)	Data 0.023 (0.693)	Loss 310.9008 (456.2178)	
Epoch: [1][219/1427]	Time 3.234 (1.827)	Data 2.171 (0.699)	Loss 369.7373 (455.8229)	
Epoch: [1][220/1427]	Time 1.065 (1.824)	Data 0.005 (0.696)	Loss 457.8085 (455.8319)	
Epoch: [1][221/1427]	Time 1.433 (1.822)	Data 0.005 (0.693)	Loss 468.2305 (455.8880)	
Epoch: [1][222/1427]	Time 1.113 (1.819)	Data 0.027 (0.690)	Loss 420.6130 (455.7291)	
Epoch: [1][223/1427]	Time 3.858 (1.828)	Data 2.625 (0.699)	Loss 447.5229 (455.6923)	
Epoch: [1][224/1427]	Time 1.068 (1.825)	Data 0.004 (0.696)	Loss 461.1086 (455.7165)	
Epoch: [1][225/1427]	Time 1.128 (1.822)	Data 0.005 (0.693)	Loss 544.3701 (456.1105)	
Epoch: [1][226/1427]	Time 1.222 (1.819)	Data 0.030 (0.690)	Loss 500.5519 (456.3072)	
Epoch: [1][227/1427]	Time 4.497 (1.831)	Data 3.271 (0.701)	Loss 456.5131 (456.3081)	
Epoch: [1][228/1427]	Time 1.195 (1.828)	Data 0.005 (0.698)	Loss 405.5725 (456.0855)	
Epoch: [1][229/1427]	Time 1.129 (1.825)	Data 0.018 (0.695)	Loss 475.4350 (456.1700)	
Epoch: [1][230/1427]	Time 1.038 (1.821)	Data 0.009 (0.692)	Loss 422.0017 (456.0215)	
Epoch: [1][231/1427]	Time 3.629 (1.829)	Data 2.611 (0.700)	Loss 392.4294 (455.7462)	
Epoch: [1][232/1427]	Time 1.075 (1.826)	Data 0.004 (0.697)	Loss 357.9742 (455.3248)	
Epoch: [1][233/1427]	Time 1.167 (1.823)	Data 0.005 (0.694)	Loss 421.1416 (455.1781)	
Epoch: [1][234/1427]	Time 1.136 (1.820)	Data 0.011 (0.692)	Loss 487.3630 (455.3156)	
Epoch: [1][235/1427]	Time 3.554 (1.828)	Data 2.331 (0.699)	Loss 427.5774 (455.1976)	
Epoch: [1][236/1427]	Time 1.103 (1.825)	Data 0.005 (0.696)	Loss 449.4928 (455.1734)	
Epoch: [1][237/1427]	Time 1.097 (1.821)	Data 0.006 (0.693)	Loss 448.8979 (455.1469)	
Epoch: [1][238/1427]	Time 1.126 (1.819)	Data 0.009 (0.690)	Loss 426.2314 (455.0254)	
Epoch: [1][239/1427]	Time 4.403 (1.829)	Data 3.195 (0.700)	Loss 532.1780 (455.3482)	
Epoch: [1][240/1427]	Time 1.051 (1.826)	Data 0.005 (0.697)	Loss 452.5882 (455.3367)	
Epoch: [1][241/1427]	Time 1.113 (1.823)	Data 0.005 (0.694)	Loss 582.6385 (455.8650)	
Epoch: [1][242/1427]	Time 1.283 (1.821)	Data 0.039 (0.692)	Loss 493.0648 (456.0187)	
Epoch: [1][243/1427]	Time 4.152 (1.831)	Data 2.928 (0.701)	Loss 481.1920 (456.1223)	
Epoch: [1][244/1427]	Time 1.100 (1.828)	Data 0.005 (0.698)	Loss 527.2292 (456.4137)	
Epoch: [1][245/1427]	Time 1.222 (1.825)	Data 0.005 (0.695)	Loss 596.3627 (456.9849)	
Epoch: [1][246/1427]	Time 1.062 (1.822)	Data 0.005 (0.692)	Loss 521.8979 (457.2488)	
Epoch: [1][247/1427]	Time 3.345 (1.828)	Data 2.216 (0.699)	Loss 575.7200 (457.7284)	
Epoch: [1][248/1427]	Time 1.101 (1.825)	Data 0.005 (0.696)	Loss 522.7607 (457.9906)	
Epoch: [1][249/1427]	Time 1.096 (1.822)	Data 0.005 (0.693)	Loss 585.9953 (458.5047)	
Epoch: [1][250/1427]	Time 1.456 (1.821)	Data 0.006 (0.690)	Loss 561.5526 (458.9169)	
Epoch: [1][251/1427]	Time 3.929 (1.829)	Data 2.688 (0.698)	Loss 534.4196 (459.2177)	
Epoch: [1][252/1427]	Time 1.152 (1.826)	Data 0.005 (0.696)	Loss 518.2221 (459.4519)	
Epoch: [1][253/1427]	Time 1.154 (1.824)	Data 0.005 (0.693)	Loss 463.7854 (459.4690)	
Epoch: [1][254/1427]	Time 1.146 (1.821)	Data 0.010 (0.690)	Loss 558.5785 (459.8592)	
Epoch: [1][255/1427]	Time 3.939 (1.829)	Data 2.760 (0.698)	Loss 455.6770 (459.8428)	
Epoch: [1][256/1427]	Time 1.122 (1.827)	Data 0.004 (0.696)	Loss 450.0240 (459.8044)	
Epoch: [1][257/1427]	Time 1.060 (1.824)	Data 0.005 (0.693)	Loss 398.2061 (459.5648)	
Epoch: [1][258/1427]	Time 1.104 (1.821)	Data 0.014 (0.690)	Loss 364.0622 (459.1946)	
Epoch: [1][259/1427]	Time 4.452 (1.831)	Data 3.309 (0.700)	Loss 435.4614 (459.1030)	
Epoch: [1][260/1427]	Time 1.028 (1.828)	Data 0.004 (0.698)	Loss 306.9187 (458.5176)	
Epoch: [1][261/1427]	Time 1.188 (1.826)	Data 0.017 (0.695)	Loss 408.7892 (458.3271)	
Epoch: [1][262/1427]	Time 1.099 (1.823)	Data 0.005 (0.692)	Loss 407.8461 (458.1344)	
Epoch: [1][263/1427]	Time 3.356 (1.829)	Data 2.292 (0.698)	Loss 421.1946 (457.9940)	
Epoch: [1][264/1427]	Time 1.176 (1.826)	Data 0.010 (0.696)	Loss 367.6959 (457.6519)	
Epoch: [1][265/1427]	Time 1.182 (1.824)	Data 0.005 (0.693)	Loss 447.5603 (457.6138)	
Epoch: [1][266/1427]	Time 1.127 (1.821)	Data 0.005 (0.691)	Loss 441.5471 (457.5534)	
Epoch: [1][267/1427]	Time 3.270 (1.827)	Data 2.194 (0.696)	Loss 370.4980 (457.2274)	
Epoch: [1][268/1427]	Time 1.202 (1.824)	Data 0.004 (0.694)	Loss 398.5256 (457.0084)	
Epoch: [1][269/1427]	Time 1.113 (1.822)	Data 0.005 (0.691)	Loss 385.0342 (456.7408)	
Epoch: [1][270/1427]	Time 1.119 (1.819)	Data 0.008 (0.689)	Loss 424.6730 (456.6220)	
Epoch: [1][271/1427]	Time 4.026 (1.827)	Data 2.948 (0.697)	Loss 370.1389 (456.3029)	
Epoch: [1][272/1427]	Time 1.126 (1.825)	Data 0.004 (0.694)	Loss 405.6208 (456.1166)	
Epoch: [1][273/1427]	Time 1.206 (1.822)	Data 0.005 (0.692)	Loss 484.2969 (456.2198)	
Epoch: [1][274/1427]	Time 1.119 (1.820)	Data 0.009 (0.689)	Loss 510.7164 (456.4187)	
Epoch: [1][275/1427]	Time 4.549 (1.830)	Data 3.251 (0.699)	Loss 527.8217 (456.6783)	
Epoch: [1][276/1427]	Time 1.133 (1.827)	Data 0.007 (0.696)	Loss 498.5299 (456.8300)	
Epoch: [1][277/1427]	Time 1.021 (1.824)	Data 0.005 (0.694)	Loss 433.0186 (456.7440)	
Epoch: [1][278/1427]	Time 1.070 (1.821)	Data 0.004 (0.691)	Loss 373.2399 (456.4436)	
Epoch: [1][279/1427]	Time 3.193 (1.826)	Data 2.025 (0.696)	Loss 473.0870 (456.5033)	
Epoch: [1][280/1427]	Time 1.252 (1.824)	Data 0.015 (0.694)	Loss 459.2025 (456.5129)	
Epoch: [1][281/1427]	Time 1.101 (1.822)	Data 0.005 (0.691)	Loss 461.0086 (456.5289)	
Epoch: [1][282/1427]	Time 1.128 (1.819)	Data 0.008 (0.689)	Loss 486.7622 (456.6361)	
Epoch: [1][283/1427]	Time 3.497 (1.825)	Data 2.334 (0.695)	Loss 363.6919 (456.3077)	
Epoch: [1][284/1427]	Time 1.152 (1.823)	Data 0.005 (0.692)	Loss 398.4280 (456.1039)	
Epoch: [1][285/1427]	Time 1.191 (1.821)	Data 0.005 (0.690)	Loss 398.9416 (455.9033)	
Epoch: [1][286/1427]	Time 1.086 (1.818)	Data 0.005 (0.687)	Loss 424.4463 (455.7934)	
Epoch: [1][287/1427]	Time 3.848 (1.825)	Data 2.689 (0.694)	Loss 416.1001 (455.6550)	
Epoch: [1][288/1427]	Time 1.225 (1.823)	Data 0.008 (0.692)	Loss 370.6277 (455.3598)	
Epoch: [1][289/1427]	Time 1.077 (1.820)	Data 0.004 (0.690)	Loss 435.8622 (455.2923)	
Epoch: [1][290/1427]	Time 1.096 (1.818)	Data 0.009 (0.687)	Loss 471.8419 (455.3494)	
Epoch: [1][291/1427]	Time 3.974 (1.825)	Data 2.894 (0.695)	Loss 480.7370 (455.4367)	
Epoch: [1][292/1427]	Time 1.188 (1.823)	Data 0.009 (0.692)	Loss 426.8918 (455.3389)	
Epoch: [1][293/1427]	Time 1.162 (1.821)	Data 0.006 (0.690)	Loss 451.5676 (455.3260)	
Epoch: [1][294/1427]	Time 1.203 (1.819)	Data 0.004 (0.688)	Loss 504.1330 (455.4920)	
Epoch: [1][295/1427]	Time 3.397 (1.824)	Data 2.374 (0.693)	Loss 397.5451 (455.2956)	
Epoch: [1][296/1427]	Time 1.214 (1.822)	Data 0.015 (0.691)	Loss 469.9971 (455.3453)	
Epoch: [1][297/1427]	Time 1.236 (1.820)	Data 0.016 (0.689)	Loss 436.4734 (455.2817)	
Epoch: [1][298/1427]	Time 1.154 (1.818)	Data 0.010 (0.687)	Loss 529.4631 (455.5307)	
Epoch: [1][299/1427]	Time 4.011 (1.825)	Data 2.862 (0.694)	Loss 513.8978 (455.7259)	
Epoch: [1][300/1427]	Time 1.181 (1.823)	Data 0.004 (0.692)	Loss 442.4051 (455.6815)	
Epoch: [1][301/1427]	Time 1.132 (1.821)	Data 0.004 (0.689)	Loss 431.1212 (455.5999)	
Epoch: [1][302/1427]	Time 1.187 (1.819)	Data 0.005 (0.687)	Loss 379.5068 (455.3479)	
Epoch: [1][303/1427]	Time 2.883 (1.822)	Data 1.749 (0.691)	Loss 415.2219 (455.2155)	
Epoch: [1][304/1427]	Time 1.164 (1.820)	Data 0.005 (0.688)	Loss 398.8562 (455.0301)	
Epoch: [1][305/1427]	Time 1.080 (1.818)	Data 0.004 (0.686)	Loss 398.1078 (454.8435)	
Epoch: [1][306/1427]	Time 1.137 (1.815)	Data 0.009 (0.684)	Loss 453.0328 (454.8375)	
Epoch: [1][307/1427]	Time 4.246 (1.823)	Data 3.039 (0.691)	Loss 493.7024 (454.9641)	
Epoch: [1][308/1427]	Time 1.188 (1.821)	Data 0.007 (0.689)	Loss 468.9505 (455.0096)	
Epoch: [1][309/1427]	Time 1.165 (1.819)	Data 0.005 (0.687)	Loss 476.0487 (455.0776)	
Epoch: [1][310/1427]	Time 1.184 (1.817)	Data 0.039 (0.685)	Loss 479.3627 (455.1560)	
Epoch: [1][311/1427]	Time 3.651 (1.823)	Data 2.512 (0.691)	Loss 459.1168 (455.1687)	
Epoch: [1][312/1427]	Time 1.162 (1.821)	Data 0.005 (0.689)	Loss 400.6959 (454.9941)	
Epoch: [1][313/1427]	Time 1.116 (1.819)	Data 0.005 (0.686)	Loss 327.3885 (454.5864)	
Epoch: [1][314/1427]	Time 1.155 (1.816)	Data 0.007 (0.684)	Loss 363.5914 (454.2966)	
Epoch: [1][315/1427]	Time 3.350 (1.821)	Data 2.290 (0.689)	Loss 374.6984 (454.0439)	
Epoch: [1][316/1427]	Time 1.125 (1.819)	Data 0.005 (0.687)	Loss 331.5536 (453.6563)	
Epoch: [1][317/1427]	Time 1.152 (1.817)	Data 0.005 (0.685)	Loss 334.3333 (453.2799)	
Epoch: [1][318/1427]	Time 1.173 (1.815)	Data 0.005 (0.683)	Loss 285.0887 (452.7510)	
Epoch: [1][319/1427]	Time 3.315 (1.820)	Data 2.113 (0.687)	Loss 396.8255 (452.5757)	
Epoch: [1][320/1427]	Time 1.110 (1.818)	Data 0.016 (0.685)	Loss 310.4543 (452.1316)	
Epoch: [1][321/1427]	Time 1.076 (1.815)	Data 0.014 (0.683)	Loss 326.8584 (451.7413)	
Epoch: [1][322/1427]	Time 1.084 (1.813)	Data 0.005 (0.681)	Loss 324.6283 (451.3465)	
Epoch: [1][323/1427]	Time 4.072 (1.820)	Data 2.959 (0.688)	Loss 364.9927 (451.0792)	
Epoch: [1][324/1427]	Time 1.022 (1.817)	Data 0.005 (0.686)	Loss 338.0696 (450.7304)	
Epoch: [1][325/1427]	Time 1.163 (1.815)	Data 0.005 (0.684)	Loss 495.4357 (450.8680)	
Epoch: [1][326/1427]	Time 1.069 (1.813)	Data 0.006 (0.682)	Loss 429.9440 (450.8038)	
Epoch: [1][327/1427]	Time 2.122 (1.814)	Data 1.039 (0.683)	Loss 376.8445 (450.5776)	
Epoch: [1][328/1427]	Time 1.113 (1.812)	Data 0.005 (0.681)	Loss 439.1747 (450.5428)	
Epoch: [1][329/1427]	Time 1.185 (1.810)	Data 0.005 (0.679)	Loss 403.9333 (450.4012)	
Epoch: [1][330/1427]	Time 1.140 (1.808)	Data 0.015 (0.677)	Loss 346.8784 (450.0875)	
Epoch: [1][331/1427]	Time 3.155 (1.812)	Data 2.022 (0.681)	Loss 387.5353 (449.8985)	
Epoch: [1][332/1427]	Time 1.124 (1.810)	Data 0.016 (0.679)	Loss 432.8436 (449.8471)	
Epoch: [1][333/1427]	Time 1.086 (1.808)	Data 0.004 (0.677)	Loss 355.4337 (449.5636)	
Epoch: [1][334/1427]	Time 1.104 (1.806)	Data 0.005 (0.675)	Loss 372.1647 (449.3318)	
Epoch: [1][335/1427]	Time 3.456 (1.811)	Data 2.361 (0.680)	Loss 384.7644 (449.1391)	
Epoch: [1][336/1427]	Time 1.085 (1.809)	Data 0.005 (0.678)	Loss 355.1571 (448.8594)	
Epoch: [1][337/1427]	Time 1.110 (1.806)	Data 0.005 (0.676)	Loss 383.4134 (448.6652)	
Epoch: [1][338/1427]	Time 1.218 (1.805)	Data 0.008 (0.674)	Loss 394.7574 (448.5057)	
Epoch: [1][339/1427]	Time 4.158 (1.812)	Data 3.052 (0.681)	Loss 406.6669 (448.3823)	
Epoch: [1][340/1427]	Time 1.172 (1.810)	Data 0.005 (0.679)	Loss 403.2956 (448.2497)	
Epoch: [1][341/1427]	Time 1.121 (1.808)	Data 0.005 (0.677)	Loss 382.6091 (448.0572)	
Epoch: [1][342/1427]	Time 1.225 (1.806)	Data 0.008 (0.675)	Loss 433.0268 (448.0132)	
Epoch: [1][343/1427]	Time 2.994 (1.810)	Data 1.960 (0.679)	Loss 306.0637 (447.5994)	
Epoch: [1][344/1427]	Time 1.114 (1.807)	Data 0.004 (0.677)	Loss 428.5172 (447.5439)	
Epoch: [1][345/1427]	Time 1.122 (1.805)	Data 0.005 (0.675)	Loss 413.1139 (447.4441)	
Epoch: [1][346/1427]	Time 1.176 (1.804)	Data 0.017 (0.673)	Loss 322.1523 (447.0820)	
Epoch: [1][347/1427]	Time 3.168 (1.808)	Data 1.941 (0.677)	Loss 341.7994 (446.7786)	
Epoch: [1][348/1427]	Time 1.120 (1.806)	Data 0.005 (0.675)	Loss 490.0562 (446.9030)	
Epoch: [1][349/1427]	Time 1.068 (1.804)	Data 0.005 (0.673)	Loss 390.2256 (446.7406)	
Epoch: [1][350/1427]	Time 1.313 (1.802)	Data 0.036 (0.671)	Loss 394.1265 (446.5902)	
Epoch: [1][351/1427]	Time 4.361 (1.809)	Data 3.114 (0.678)	Loss 401.7469 (446.4625)	
Epoch: [1][352/1427]	Time 1.235 (1.808)	Data 0.004 (0.676)	Loss 362.0611 (446.2227)	
Epoch: [1][353/1427]	Time 1.224 (1.806)	Data 0.006 (0.674)	Loss 372.6295 (446.0142)	
Epoch: [1][354/1427]	Time 1.286 (1.805)	Data 0.022 (0.672)	Loss 395.3252 (445.8710)	
Epoch: [1][355/1427]	Time 4.561 (1.812)	Data 3.436 (0.680)	Loss 418.2177 (445.7931)	
Epoch: [1][356/1427]	Time 1.151 (1.811)	Data 0.004 (0.678)	Loss 407.8365 (445.6865)	
Epoch: [1][357/1427]	Time 1.142 (1.809)	Data 0.004 (0.676)	Loss 388.1004 (445.5252)	
Epoch: [1][358/1427]	Time 1.148 (1.807)	Data 0.004 (0.674)	Loss 371.5420 (445.3185)	
Epoch: [1][359/1427]	Time 3.428 (1.811)	Data 2.241 (0.679)	Loss 406.9240 (445.2116)	
Epoch: [1][360/1427]	Time 1.288 (1.810)	Data 0.004 (0.677)	Loss 480.6107 (445.3099)	
Epoch: [1][361/1427]	Time 1.124 (1.808)	Data 0.011 (0.675)	Loss 424.5680 (445.2525)	
Epoch: [1][362/1427]	Time 1.259 (1.806)	Data 0.004 (0.673)	Loss 476.2136 (445.3380)	
Epoch: [1][363/1427]	Time 3.466 (1.811)	Data 2.273 (0.678)	Loss 469.9763 (445.4059)	
Epoch: [1][364/1427]	Time 1.171 (1.809)	Data 0.005 (0.676)	Loss 427.8337 (445.3576)	
Epoch: [1][365/1427]	Time 1.139 (1.807)	Data 0.016 (0.674)	Loss 402.8506 (445.2411)	
Epoch: [1][366/1427]	Time 1.042 (1.805)	Data 0.004 (0.672)	Loss 351.4184 (444.9848)	
Epoch: [1][367/1427]	Time 3.005 (1.809)	Data 1.940 (0.676)	Loss 358.9566 (444.7504)	
Epoch: [1][368/1427]	Time 1.164 (1.807)	Data 0.007 (0.674)	Loss 346.9680 (444.4847)	
Epoch: [1][369/1427]	Time 1.003 (1.805)	Data 0.016 (0.672)	Loss 248.5835 (443.9538)	
Epoch: [1][370/1427]	Time 1.218 (1.803)	Data 0.012 (0.670)	Loss 270.2376 (443.4843)	
Epoch: [1][371/1427]	Time 3.203 (1.807)	Data 2.021 (0.674)	Loss 313.3753 (443.1336)	
Epoch: [1][372/1427]	Time 1.161 (1.805)	Data 0.004 (0.672)	Loss 333.8644 (442.8398)	
Epoch: [1][373/1427]	Time 0.860 (1.803)	Data 0.005 (0.670)	Loss 198.7476 (442.1854)	
Epoch: [1][374/1427]	Time 1.163 (1.801)	Data 0.004 (0.668)	Loss 409.4977 (442.0980)	
Epoch: [1][375/1427]	Time 4.089 (1.807)	Data 2.985 (0.675)	Loss 402.7671 (441.9932)	
Epoch: [1][376/1427]	Time 1.124 (1.805)	Data 0.008 (0.673)	Loss 393.4797 (441.8641)	
Epoch: [1][377/1427]	Time 1.097 (1.803)	Data 0.004 (0.671)	Loss 376.4778 (441.6907)	
Epoch: [1][378/1427]	Time 1.084 (1.801)	Data 0.005 (0.669)	Loss 346.6335 (441.4392)	
Epoch: [1][379/1427]	Time 3.732 (1.807)	Data 2.545 (0.674)	Loss 341.3807 (441.1752)	
Epoch: [1][380/1427]	Time 1.199 (1.805)	Data 0.004 (0.672)	Loss 447.6862 (441.1923)	
Epoch: [1][381/1427]	Time 1.199 (1.803)	Data 0.016 (0.671)	Loss 432.1715 (441.1687)	
Epoch: [1][382/1427]	Time 1.198 (1.802)	Data 0.010 (0.669)	Loss 422.6453 (441.1202)	
Epoch: [1][383/1427]	Time 4.267 (1.808)	Data 3.086 (0.675)	Loss 443.3501 (441.1260)	
Epoch: [1][384/1427]	Time 1.065 (1.806)	Data 0.005 (0.674)	Loss 433.8499 (441.1071)	
Epoch: [1][385/1427]	Time 1.217 (1.805)	Data 0.005 (0.672)	Loss 411.4140 (441.0299)	
Epoch: [1][386/1427]	Time 1.195 (1.803)	Data 0.005 (0.670)	Loss 342.3152 (440.7742)	
Epoch: [1][387/1427]	Time 3.466 (1.807)	Data 2.292 (0.674)	Loss 379.0638 (440.6147)	
Epoch: [1][388/1427]	Time 1.101 (1.806)	Data 0.004 (0.673)	Loss 370.0757 (440.4329)	
Epoch: [1][389/1427]	Time 1.067 (1.804)	Data 0.004 (0.671)	Loss 396.1672 (440.3191)	
Epoch: [1][390/1427]	Time 1.204 (1.802)	Data 0.008 (0.669)	Loss 380.6882 (440.1662)	
Epoch: [1][391/1427]	Time 4.047 (1.808)	Data 2.938 (0.675)	Loss 350.7549 (439.9376)	
Epoch: [1][392/1427]	Time 1.118 (1.806)	Data 0.005 (0.673)	Loss 342.2845 (439.6884)	
Epoch: [1][393/1427]	Time 1.268 (1.805)	Data 0.005 (0.672)	Loss 300.4513 (439.3342)	
Epoch: [1][394/1427]	Time 1.086 (1.803)	Data 0.010 (0.670)	Loss 334.4871 (439.0680)	
Epoch: [1][395/1427]	Time 4.506 (1.810)	Data 3.284 (0.676)	Loss 374.9185 (438.9056)	
Epoch: [1][396/1427]	Time 1.175 (1.808)	Data 0.005 (0.675)	Loss 319.6030 (438.6044)	
Epoch: [1][397/1427]	Time 1.191 (1.807)	Data 0.005 (0.673)	Loss 360.3082 (438.4072)	
Epoch: [1][398/1427]	Time 1.061 (1.805)	Data 0.012 (0.671)	Loss 248.6498 (437.9304)	
Epoch: [1][399/1427]	Time 3.812 (1.810)	Data 2.711 (0.677)	Loss 319.8358 (437.6344)	
Epoch: [1][400/1427]	Time 1.076 (1.808)	Data 0.004 (0.675)	Loss 391.0185 (437.5179)	
Epoch: [1][401/1427]	Time 1.097 (1.806)	Data 0.005 (0.673)	Loss 410.8389 (437.4513)	
Epoch: [1][402/1427]	Time 1.072 (1.804)	Data 0.005 (0.672)	Loss 360.0517 (437.2588)	
Epoch: [1][403/1427]	Time 4.752 (1.812)	Data 3.578 (0.679)	Loss 404.5268 (437.1776)	
Epoch: [1][404/1427]	Time 1.151 (1.810)	Data 0.005 (0.677)	Loss 395.2393 (437.0738)	
Epoch: [1][405/1427]	Time 1.137 (1.808)	Data 0.006 (0.675)	Loss 370.5761 (436.9096)	
Epoch: [1][406/1427]	Time 1.220 (1.807)	Data 0.005 (0.674)	Loss 380.3080 (436.7702)	
Epoch: [1][407/1427]	Time 3.832 (1.812)	Data 2.639 (0.679)	Loss 358.1916 (436.5771)	
Epoch: [1][408/1427]	Time 1.100 (1.810)	Data 0.010 (0.677)	Loss 350.1527 (436.3653)	
Epoch: [1][409/1427]	Time 1.120 (1.808)	Data 0.017 (0.675)	Loss 375.4121 (436.2162)	
Epoch: [1][410/1427]	Time 1.095 (1.807)	Data 0.004 (0.674)	Loss 402.4109 (436.1338)	
Epoch: [1][411/1427]	Time 4.128 (1.812)	Data 3.013 (0.679)	Loss 416.6213 (436.0863)	
Epoch: [1][412/1427]	Time 1.156 (1.811)	Data 0.022 (0.678)	Loss 395.0670 (435.9867)	
Epoch: [1][413/1427]	Time 1.176 (1.809)	Data 0.006 (0.676)	Loss 372.8438 (435.8339)	
Epoch: [1][414/1427]	Time 1.124 (1.808)	Data 0.006 (0.675)	Loss 334.0182 (435.5879)	
Epoch: [1][415/1427]	Time 4.065 (1.813)	Data 2.881 (0.680)	Loss 460.5430 (435.6481)	
Epoch: [1][416/1427]	Time 1.200 (1.812)	Data 0.005 (0.678)	Loss 450.6153 (435.6840)	
Epoch: [1][417/1427]	Time 1.270 (1.810)	Data 0.006 (0.677)	Loss 470.5590 (435.7677)	
Epoch: [1][418/1427]	Time 1.198 (1.809)	Data 0.009 (0.675)	Loss 490.5555 (435.8987)	
Epoch: [1][419/1427]	Time 3.718 (1.813)	Data 2.535 (0.679)	Loss 438.6292 (435.9053)	
Epoch: [1][420/1427]	Time 1.254 (1.812)	Data 0.005 (0.678)	Loss 401.9213 (435.8243)	
Epoch: [1][421/1427]	Time 1.256 (1.811)	Data 0.007 (0.676)	Loss 374.2406 (435.6781)	
Epoch: [1][422/1427]	Time 1.298 (1.809)	Data 0.017 (0.675)	Loss 406.1046 (435.6080)	
Epoch: [1][423/1427]	Time 4.139 (1.815)	Data 2.893 (0.680)	Loss 356.5960 (435.4212)	
Epoch: [1][424/1427]	Time 1.232 (1.814)	Data 0.005 (0.678)	Loss 411.9190 (435.3658)	
Epoch: [1][425/1427]	Time 1.186 (1.812)	Data 0.006 (0.677)	Loss 397.6041 (435.2769)	
Epoch: [1][426/1427]	Time 1.133 (1.811)	Data 0.005 (0.675)	Loss 381.8708 (435.1516)	
Epoch: [1][427/1427]	Time 4.100 (1.816)	Data 2.942 (0.681)	Loss 438.4583 (435.1593)	
Epoch: [1][428/1427]	Time 1.164 (1.814)	Data 0.004 (0.679)	Loss 399.7407 (435.0765)	
Epoch: [1][429/1427]	Time 1.212 (1.813)	Data 0.005 (0.677)	Loss 402.0931 (434.9997)	
Epoch: [1][430/1427]	Time 1.105 (1.811)	Data 0.005 (0.676)	Loss 350.9040 (434.8041)	
Epoch: [1][431/1427]	Time 3.679 (1.816)	Data 2.500 (0.680)	Loss 370.9328 (434.6559)	
Epoch: [1][432/1427]	Time 1.116 (1.814)	Data 0.009 (0.678)	Loss 419.8345 (434.6216)	
Epoch: [1][433/1427]	Time 1.165 (1.813)	Data 0.009 (0.677)	Loss 408.8983 (434.5622)	
Epoch: [1][434/1427]	Time 1.146 (1.811)	Data 0.005 (0.675)	Loss 396.2547 (434.4739)	
Epoch: [1][435/1427]	Time 3.536 (1.815)	Data 2.337 (0.679)	Loss 352.1158 (434.2846)	
Epoch: [1][436/1427]	Time 1.155 (1.813)	Data 0.005 (0.678)	Loss 365.5175 (434.1269)	
Epoch: [1][437/1427]	Time 1.118 (1.812)	Data 0.016 (0.676)	Loss 331.6708 (433.8924)	
Epoch: [1][438/1427]	Time 1.088 (1.810)	Data 0.005 (0.675)	Loss 387.3474 (433.7861)	
Epoch: [1][439/1427]	Time 3.980 (1.815)	Data 2.806 (0.679)	Loss 437.6270 (433.7949)	
Epoch: [1][440/1427]	Time 1.193 (1.814)	Data 0.005 (0.678)	Loss 451.6768 (433.8355)	
Epoch: [1][441/1427]	Time 1.164 (1.812)	Data 0.005 (0.676)	Loss 422.6422 (433.8101)	
Epoch: [1][442/1427]	Time 1.197 (1.811)	Data 0.007 (0.675)	Loss 427.5037 (433.7959)	
Epoch: [1][443/1427]	Time 4.278 (1.816)	Data 3.024 (0.680)	Loss 440.7126 (433.8115)	
Epoch: [1][444/1427]	Time 1.115 (1.815)	Data 0.006 (0.679)	Loss 399.7743 (433.7348)	
Epoch: [1][445/1427]	Time 1.190 (1.813)	Data 0.015 (0.677)	Loss 442.9619 (433.7556)	
Epoch: [1][446/1427]	Time 1.181 (1.812)	Data 0.009 (0.676)	Loss 370.5989 (433.6140)	
Epoch: [1][447/1427]	Time 2.479 (1.814)	Data 1.442 (0.677)	Loss 380.4519 (433.4950)	
Epoch: [1][448/1427]	Time 1.079 (1.812)	Data 0.005 (0.676)	Loss 355.4709 (433.3209)	
Epoch: [1][449/1427]	Time 1.136 (1.810)	Data 0.005 (0.674)	Loss 328.9627 (433.0884)	
Epoch: [1][450/1427]	Time 1.207 (1.809)	Data 0.017 (0.673)	Loss 382.1656 (432.9753)	
Epoch: [1][451/1427]	Time 4.207 (1.814)	Data 3.111 (0.678)	Loss 354.2287 (432.8007)	
Epoch: [1][452/1427]	Time 1.212 (1.813)	Data 0.005 (0.677)	Loss 365.9086 (432.6527)	
Epoch: [1][453/1427]	Time 1.091 (1.811)	Data 0.006 (0.675)	Loss 332.4062 (432.4314)	
Epoch: [1][454/1427]	Time 1.157 (1.810)	Data 0.010 (0.674)	Loss 292.7582 (432.1237)	
Epoch: [1][455/1427]	Time 4.328 (1.816)	Data 3.078 (0.679)	Loss 324.1103 (431.8864)	
Epoch: [1][456/1427]	Time 1.122 (1.814)	Data 0.005 (0.678)	Loss 265.7777 (431.5221)	
Epoch: [1][457/1427]	Time 1.099 (1.812)	Data 0.010 (0.676)	Loss 242.8205 (431.1092)	
Epoch: [1][458/1427]	Time 1.201 (1.811)	Data 0.005 (0.675)	Loss 294.6997 (430.8113)	
Epoch: [1][459/1427]	Time 3.796 (1.815)	Data 2.678 (0.679)	Loss 406.5588 (430.7585)	
Epoch: [1][460/1427]	Time 1.179 (1.814)	Data 0.004 (0.678)	Loss 457.5651 (430.8168)	
Epoch: [1][461/1427]	Time 1.120 (1.813)	Data 0.005 (0.676)	Loss 400.3526 (430.7507)	
Epoch: [1][462/1427]	Time 1.203 (1.811)	Data 0.011 (0.675)	Loss 412.8267 (430.7119)	
Epoch: [1][463/1427]	Time 3.156 (1.814)	Data 2.030 (0.678)	Loss 336.4888 (430.5084)	
Epoch: [1][464/1427]	Time 1.137 (1.813)	Data 0.004 (0.676)	Loss 328.7053 (430.2890)	
Epoch: [1][465/1427]	Time 1.230 (1.811)	Data 0.010 (0.675)	Loss 358.6862 (430.1350)	
Epoch: [1][466/1427]	Time 1.156 (1.810)	Data 0.016 (0.673)	Loss 374.6712 (430.0160)	
Epoch: [1][467/1427]	Time 4.144 (1.815)	Data 2.929 (0.678)	Loss 302.0147 (429.7419)	
Epoch: [1][468/1427]	Time 1.207 (1.814)	Data 0.004 (0.677)	Loss 383.5451 (429.6432)	
Epoch: [1][469/1427]	Time 1.187 (1.812)	Data 0.005 (0.675)	Loss 377.5234 (429.5320)	
Epoch: [1][470/1427]	Time 1.193 (1.811)	Data 0.005 (0.674)	Loss 437.7469 (429.5495)	
Epoch: [1][471/1427]	Time 3.862 (1.815)	Data 2.670 (0.678)	Loss 422.3670 (429.5343)	
Epoch: [1][472/1427]	Time 1.148 (1.814)	Data 0.005 (0.677)	Loss 447.5258 (429.5724)	
Epoch: [1][473/1427]	Time 1.110 (1.813)	Data 0.005 (0.675)	Loss 451.3105 (429.6183)	
Epoch: [1][474/1427]	Time 1.172 (1.811)	Data 0.005 (0.674)	Loss 473.9370 (429.7118)	
Epoch: [1][475/1427]	Time 3.632 (1.815)	Data 2.550 (0.678)	Loss 422.8773 (429.6975)	
Epoch: [1][476/1427]	Time 1.202 (1.814)	Data 0.005 (0.676)	Loss 338.5911 (429.5061)	
Epoch: [1][477/1427]	Time 1.124 (1.812)	Data 0.017 (0.675)	Loss 338.3140 (429.3149)	
Epoch: [1][478/1427]	Time 1.122 (1.811)	Data 0.005 (0.674)	Loss 307.3932 (429.0598)	
Epoch: [1][479/1427]	Time 3.992 (1.815)	Data 2.905 (0.678)	Loss 427.6831 (429.0569)	
Epoch: [1][480/1427]	Time 1.106 (1.814)	Data 0.004 (0.677)	Loss 344.3971 (428.8806)	
Epoch: [1][481/1427]	Time 1.222 (1.813)	Data 0.006 (0.676)	Loss 383.2857 (428.7858)	
Epoch: [1][482/1427]	Time 0.979 (1.811)	Data 0.005 (0.674)	Loss 317.5523 (428.5550)	
Epoch: [1][483/1427]	Time 3.202 (1.814)	Data 2.135 (0.677)	Loss 344.3184 (428.3806)	
Epoch: [1][484/1427]	Time 1.034 (1.812)	Data 0.005 (0.676)	Loss 264.5959 (428.0422)	
Epoch: [1][485/1427]	Time 1.318 (1.811)	Data 0.004 (0.674)	Loss 304.6349 (427.7877)	
Epoch: [1][486/1427]	Time 1.062 (1.810)	Data 0.006 (0.673)	Loss 330.4706 (427.5875)	
Epoch: [1][487/1427]	Time 4.240 (1.815)	Data 3.006 (0.678)	Loss 345.6328 (427.4192)	
Epoch: [1][488/1427]	Time 1.042 (1.813)	Data 0.005 (0.676)	Loss 365.2399 (427.2918)	
Epoch: [1][489/1427]	Time 1.143 (1.812)	Data 0.005 (0.675)	Loss 406.6927 (427.2497)	
Epoch: [1][490/1427]	Time 1.038 (1.810)	Data 0.005 (0.674)	Loss 378.9390 (427.1511)	
Epoch: [1][491/1427]	Time 3.400 (1.813)	Data 2.322 (0.677)	Loss 329.0963 (426.9514)	
Epoch: [1][492/1427]	Time 1.131 (1.812)	Data 0.004 (0.676)	Loss 383.8486 (426.8638)	
Epoch: [1][493/1427]	Time 1.169 (1.811)	Data 0.008 (0.674)	Loss 353.9285 (426.7158)	
Epoch: [1][494/1427]	Time 1.120 (1.809)	Data 0.026 (0.673)	Loss 390.0374 (426.6416)	
Epoch: [1][495/1427]	Time 4.115 (1.814)	Data 2.980 (0.678)	Loss 445.0132 (426.6787)	
Epoch: [1][496/1427]	Time 1.095 (1.812)	Data 0.004 (0.676)	Loss 344.4232 (426.5129)	
Epoch: [1][497/1427]	Time 1.058 (1.811)	Data 0.005 (0.675)	Loss 245.3586 (426.1484)	
Epoch: [1][498/1427]	Time 1.148 (1.810)	Data 0.005 (0.674)	Loss 469.7432 (426.2359)	
Epoch: [1][499/1427]	Time 4.380 (1.815)	Data 3.221 (0.679)	Loss 476.2419 (426.3361)	
Epoch: [1][500/1427]	Time 1.092 (1.813)	Data 0.005 (0.677)	Loss 458.7559 (426.4010)	
Epoch: [1][501/1427]	Time 1.183 (1.812)	Data 0.009 (0.676)	Loss 520.4924 (426.5888)	
Epoch: [1][502/1427]	Time 1.112 (1.811)	Data 0.019 (0.675)	Loss 512.1135 (426.7591)	
Epoch: [1][503/1427]	Time 2.923 (1.813)	Data 1.771 (0.677)	Loss 453.6636 (426.8126)	
Epoch: [1][504/1427]	Time 1.091 (1.811)	Data 0.006 (0.676)	Loss 513.5661 (426.9847)	
Epoch: [1][505/1427]	Time 1.100 (1.810)	Data 0.005 (0.674)	Loss 443.2304 (427.0169)	
Epoch: [1][506/1427]	Time 1.265 (1.809)	Data 0.005 (0.673)	Loss 467.4992 (427.0969)	
Epoch: [1][507/1427]	Time 3.389 (1.812)	Data 2.195 (0.676)	Loss 454.2925 (427.1506)	
Epoch: [1][508/1427]	Time 1.225 (1.811)	Data 0.005 (0.675)	Loss 412.2506 (427.1212)	
Epoch: [1][509/1427]	Time 1.227 (1.810)	Data 0.006 (0.673)	Loss 407.5302 (427.0827)	
Epoch: [1][510/1427]	Time 1.056 (1.808)	Data 0.005 (0.672)	Loss 338.6114 (426.9093)	
Epoch: [1][511/1427]	Time 3.437 (1.811)	Data 2.331 (0.675)	Loss 351.5521 (426.7618)	
Epoch: [1][512/1427]	Time 1.226 (1.810)	Data 0.009 (0.674)	Loss 335.2838 (426.5831)	
Epoch: [1][513/1427]	Time 1.154 (1.809)	Data 0.006 (0.673)	Loss 367.6771 (426.4683)	
Epoch: [1][514/1427]	Time 1.182 (1.808)	Data 0.017 (0.671)	Loss 324.6340 (426.2702)	
Epoch: [1][515/1427]	Time 3.465 (1.811)	Data 2.337 (0.675)	Loss 364.5366 (426.1503)	
Epoch: [1][516/1427]	Time 1.162 (1.810)	Data 0.017 (0.673)	Loss 322.5938 (425.9496)	
Epoch: [1][517/1427]	Time 1.070 (1.808)	Data 0.006 (0.672)	Loss 320.3416 (425.7454)	
Epoch: [1][518/1427]	Time 1.133 (1.807)	Data 0.004 (0.671)	Loss 333.7066 (425.5677)	
Epoch: [1][519/1427]	Time 4.079 (1.811)	Data 2.912 (0.675)	Loss 335.0295 (425.3932)	
Epoch: [1][520/1427]	Time 1.130 (1.810)	Data 0.005 (0.674)	Loss 308.9410 (425.1693)	
Epoch: [1][521/1427]	Time 1.095 (1.809)	Data 0.006 (0.673)	Loss 354.0232 (425.0327)	
Epoch: [1][522/1427]	Time 1.100 (1.807)	Data 0.005 (0.671)	Loss 332.9623 (424.8563)	
Epoch: [1][523/1427]	Time 2.903 (1.809)	Data 1.816 (0.673)	Loss 318.2743 (424.6525)	
Epoch: [1][524/1427]	Time 1.059 (1.808)	Data 0.007 (0.672)	Loss 418.4474 (424.6407)	
Epoch: [1][525/1427]	Time 1.061 (1.807)	Data 0.005 (0.671)	Loss 356.7234 (424.5113)	
Epoch: [1][526/1427]	Time 1.431 (1.806)	Data 0.005 (0.670)	Loss 352.4555 (424.3744)	
Epoch: [1][527/1427]	Time 2.994 (1.808)	Data 1.889 (0.672)	Loss 334.1805 (424.2032)	
Epoch: [1][528/1427]	Time 1.061 (1.807)	Data 0.004 (0.671)	Loss 296.5103 (423.9614)	
Epoch: [1][529/1427]	Time 1.042 (1.805)	Data 0.005 (0.669)	Loss 321.0168 (423.7668)	
Epoch: [1][530/1427]	Time 1.210 (1.804)	Data 0.005 (0.668)	Loss 314.7430 (423.5611)	
Epoch: [1][531/1427]	Time 2.890 (1.806)	Data 1.878 (0.670)	Loss 299.8650 (423.3281)	
Epoch: [1][532/1427]	Time 1.009 (1.805)	Data 0.005 (0.669)	Loss 285.1693 (423.0684)	
Epoch: [1][533/1427]	Time 1.194 (1.804)	Data 0.004 (0.668)	Loss 350.1352 (422.9316)	
Epoch: [1][534/1427]	Time 1.136 (1.802)	Data 0.005 (0.667)	Loss 326.9990 (422.7519)	
Epoch: [1][535/1427]	Time 3.258 (1.805)	Data 2.050 (0.669)	Loss 324.0863 (422.5675)	
Epoch: [1][536/1427]	Time 1.118 (1.804)	Data 0.005 (0.668)	Loss 368.0783 (422.4658)	
Epoch: [1][537/1427]	Time 1.197 (1.803)	Data 0.009 (0.667)	Loss 355.5696 (422.3413)	
Epoch: [1][538/1427]	Time 1.122 (1.801)	Data 0.006 (0.666)	Loss 323.3805 (422.1573)	
Epoch: [1][539/1427]	Time 3.523 (1.805)	Data 2.317 (0.669)	Loss 385.1677 (422.0887)	
Epoch: [1][540/1427]	Time 1.217 (1.803)	Data 0.005 (0.667)	Loss 348.3095 (421.9521)	
Epoch: [1][541/1427]	Time 1.101 (1.802)	Data 0.006 (0.666)	Loss 370.8673 (421.8576)	
Epoch: [1][542/1427]	Time 1.017 (1.801)	Data 0.005 (0.665)	Loss 326.5859 (421.6819)	
Epoch: [1][543/1427]	Time 2.629 (1.802)	Data 1.525 (0.667)	Loss 361.1766 (421.5704)	
Epoch: [1][544/1427]	Time 1.081 (1.801)	Data 0.005 (0.665)	Loss 358.2289 (421.4540)	
Epoch: [1][545/1427]	Time 1.135 (1.800)	Data 0.005 (0.664)	Loss 381.4972 (421.3807)	
Epoch: [1][546/1427]	Time 1.207 (1.799)	Data 0.007 (0.663)	Loss 352.0745 (421.2538)	
Epoch: [1][547/1427]	Time 3.859 (1.802)	Data 2.784 (0.667)	Loss 289.7495 (421.0133)	
Epoch: [1][548/1427]	Time 1.159 (1.801)	Data 0.004 (0.666)	Loss 314.5308 (420.8190)	
Epoch: [1][549/1427]	Time 1.374 (1.800)	Data 0.005 (0.664)	Loss 455.1717 (420.8816)	
Epoch: [1][550/1427]	Time 1.122 (1.799)	Data 0.006 (0.663)	Loss 449.5103 (420.9337)	
Epoch: [1][551/1427]	Time 3.145 (1.802)	Data 2.020 (0.666)	Loss 357.4984 (420.8185)	
Epoch: [1][552/1427]	Time 1.054 (1.800)	Data 0.012 (0.664)	Loss 413.4609 (420.8052)	
Epoch: [1][553/1427]	Time 1.163 (1.799)	Data 0.006 (0.663)	Loss 392.2968 (420.7537)	
Epoch: [1][554/1427]	Time 1.180 (1.798)	Data 0.005 (0.662)	Loss 367.9734 (420.6584)	
Epoch: [1][555/1427]	Time 4.499 (1.803)	Data 3.322 (0.667)	Loss 294.8391 (420.4317)	
Epoch: [1][556/1427]	Time 1.156 (1.802)	Data 0.005 (0.666)	Loss 300.0652 (420.2152)	
Epoch: [1][557/1427]	Time 1.088 (1.800)	Data 0.017 (0.665)	Loss 292.8654 (419.9866)	
Epoch: [1][558/1427]	Time 1.083 (1.799)	Data 0.017 (0.663)	Loss 271.1909 (419.7199)	
Epoch: [1][559/1427]	Time 3.423 (1.802)	Data 2.166 (0.666)	Loss 313.4854 (419.5299)	
Epoch: [1][560/1427]	Time 1.182 (1.801)	Data 0.010 (0.665)	Loss 269.3690 (419.2617)	
Epoch: [1][561/1427]	Time 1.144 (1.800)	Data 0.009 (0.664)	Loss 355.3520 (419.1478)	
Epoch: [1][562/1427]	Time 1.107 (1.799)	Data 0.006 (0.663)	Loss 430.8808 (419.1687)	
Epoch: [1][563/1427]	Time 3.342 (1.801)	Data 2.245 (0.665)	Loss 392.3963 (419.1211)	
Epoch: [1][564/1427]	Time 1.155 (1.800)	Data 0.006 (0.664)	Loss 319.5489 (418.9446)	
Epoch: [1][565/1427]	Time 1.126 (1.799)	Data 0.005 (0.663)	Loss 401.6473 (418.9140)	
Epoch: [1][566/1427]	Time 1.081 (1.798)	Data 0.006 (0.662)	Loss 368.3186 (418.8246)	
Epoch: [1][567/1427]	Time 3.914 (1.801)	Data 2.821 (0.666)	Loss 408.2514 (418.8059)	
Epoch: [1][568/1427]	Time 1.050 (1.800)	Data 0.005 (0.665)	Loss 283.9971 (418.5686)	
Epoch: [1][569/1427]	Time 1.055 (1.799)	Data 0.005 (0.663)	Loss 318.1074 (418.3920)	
Epoch: [1][570/1427]	Time 1.207 (1.798)	Data 0.005 (0.662)	Loss 389.7268 (418.3417)	
Epoch: [1][571/1427]	Time 2.812 (1.800)	Data 1.681 (0.664)	Loss 416.5674 (418.3386)	
Epoch: [1][572/1427]	Time 1.206 (1.799)	Data 0.006 (0.663)	Loss 442.2261 (418.3804)	
Epoch: [1][573/1427]	Time 1.080 (1.797)	Data 0.013 (0.662)	Loss 393.9841 (418.3378)	
Epoch: [1][574/1427]	Time 1.162 (1.796)	Data 0.005 (0.661)	Loss 374.1473 (418.2608)	
Epoch: [1][575/1427]	Time 3.044 (1.798)	Data 1.928 (0.663)	Loss 409.9011 (418.2463)	
Epoch: [1][576/1427]	Time 1.129 (1.797)	Data 0.005 (0.662)	Loss 449.5801 (418.3007)	
Epoch: [1][577/1427]	Time 1.118 (1.796)	Data 0.019 (0.660)	Loss 366.1084 (418.2102)	
Epoch: [1][578/1427]	Time 1.037 (1.795)	Data 0.006 (0.659)	Loss 342.5591 (418.0793)	
Epoch: [1][579/1427]	Time 3.693 (1.798)	Data 2.577 (0.663)	Loss 365.4601 (417.9885)	
Epoch: [1][580/1427]	Time 1.136 (1.797)	Data 0.017 (0.662)	Loss 346.8875 (417.8659)	
Epoch: [1][581/1427]	Time 1.187 (1.796)	Data 0.005 (0.660)	Loss 325.7130 (417.7073)	
Epoch: [1][582/1427]	Time 1.146 (1.795)	Data 0.005 (0.659)	Loss 336.3237 (417.5674)	
Epoch: [1][583/1427]	Time 3.966 (1.798)	Data 2.748 (0.663)	Loss 359.8949 (417.4685)	
Epoch: [1][584/1427]	Time 1.163 (1.797)	Data 0.006 (0.662)	Loss 369.0566 (417.3856)	
Epoch: [1][585/1427]	Time 1.129 (1.796)	Data 0.005 (0.661)	Loss 364.2546 (417.2948)	
Epoch: [1][586/1427]	Time 1.198 (1.795)	Data 0.005 (0.660)	Loss 378.3001 (417.2282)	
Epoch: [1][587/1427]	Time 1.766 (1.795)	Data 0.752 (0.660)	Loss 368.7794 (417.1457)	
Epoch: [1][588/1427]	Time 1.120 (1.794)	Data 0.014 (0.659)	Loss 357.8055 (417.0448)	
Epoch: [1][589/1427]	Time 1.122 (1.793)	Data 0.005 (0.657)	Loss 345.5796 (416.9235)	
Epoch: [1][590/1427]	Time 0.905 (1.791)	Data 0.005 (0.656)	Loss 218.0906 (416.5864)	
Epoch: [1][591/1427]	Time 2.579 (1.793)	Data 1.596 (0.658)	Loss 234.4750 (416.2783)	
Epoch: [1][592/1427]	Time 0.990 (1.791)	Data 0.005 (0.657)	Loss 252.4465 (416.0016)	
Epoch: [1][593/1427]	Time 1.034 (1.790)	Data 0.005 (0.656)	Loss 249.0475 (415.7200)	
Epoch: [1][594/1427]	Time 1.207 (1.789)	Data 0.006 (0.655)	Loss 240.2608 (415.4246)	
Epoch: [1][595/1427]	Time 4.035 (1.793)	Data 2.813 (0.658)	Loss 279.4878 (415.1962)	
Epoch: [1][596/1427]	Time 1.179 (1.792)	Data 0.005 (0.657)	Loss 295.2161 (414.9949)	
Epoch: [1][597/1427]	Time 1.136 (1.791)	Data 0.005 (0.656)	Loss 294.2881 (414.7927)	
Epoch: [1][598/1427]	Time 1.216 (1.790)	Data 0.005 (0.655)	Loss 313.6997 (414.6236)	
Epoch: [1][599/1427]	Time 3.000 (1.792)	Data 1.792 (0.657)	Loss 307.2899 (414.4444)	
Epoch: [1][600/1427]	Time 1.076 (1.790)	Data 0.007 (0.656)	Loss 225.1429 (414.1289)	
Epoch: [1][601/1427]	Time 1.239 (1.790)	Data 0.013 (0.655)	Loss 274.1873 (413.8961)	
Epoch: [1][602/1427]	Time 1.146 (1.789)	Data 0.006 (0.654)	Loss 314.8582 (413.7316)	
Epoch: [1][603/1427]	Time 4.194 (1.792)	Data 3.086 (0.658)	Loss 325.3526 (413.5850)	
Epoch: [1][604/1427]	Time 1.098 (1.791)	Data 0.005 (0.657)	Loss 314.2703 (413.4206)	
Epoch: [1][605/1427]	Time 1.150 (1.790)	Data 0.005 (0.656)	Loss 391.4062 (413.3842)	
Epoch: [1][606/1427]	Time 1.102 (1.789)	Data 0.005 (0.654)	Loss 393.8868 (413.3520)	
Epoch: [1][607/1427]	Time 4.236 (1.793)	Data 3.071 (0.658)	Loss 373.2938 (413.2860)	
Epoch: [1][608/1427]	Time 1.184 (1.792)	Data 0.005 (0.657)	Loss 374.5013 (413.2222)	
Epoch: [1][609/1427]	Time 1.135 (1.791)	Data 0.005 (0.656)	Loss 394.5454 (413.1916)	
Epoch: [1][610/1427]	Time 1.114 (1.790)	Data 0.004 (0.655)	Loss 406.8211 (413.1811)	
Epoch: [1][611/1427]	Time 3.518 (1.793)	Data 2.313 (0.658)	Loss 383.0687 (413.1318)	
Epoch: [1][612/1427]	Time 1.208 (1.792)	Data 0.014 (0.657)	Loss 397.1401 (413.1057)	
Epoch: [1][613/1427]	Time 1.120 (1.791)	Data 0.005 (0.656)	Loss 332.4185 (412.9741)	
Epoch: [1][614/1427]	Time 1.126 (1.790)	Data 0.005 (0.655)	Loss 377.7158 (412.9167)	
Epoch: [1][615/1427]	Time 2.434 (1.791)	Data 1.371 (0.656)	Loss 338.0676 (412.7949)	
Epoch: [1][616/1427]	Time 1.135 (1.790)	Data 0.004 (0.655)	Loss 404.7595 (412.7819)	
Epoch: [1][617/1427]	Time 1.189 (1.789)	Data 0.005 (0.654)	Loss 348.4327 (412.6776)	
Epoch: [1][618/1427]	Time 1.237 (1.788)	Data 0.005 (0.653)	Loss 359.5886 (412.5917)	
Epoch: [1][619/1427]	Time 4.322 (1.792)	Data 3.090 (0.657)	Loss 404.3510 (412.5784)	
Epoch: [1][620/1427]	Time 1.225 (1.791)	Data 0.004 (0.656)	Loss 359.8025 (412.4933)	
Epoch: [1][621/1427]	Time 1.193 (1.790)	Data 0.006 (0.655)	Loss 313.3428 (412.3336)	
Epoch: [1][622/1427]	Time 1.180 (1.789)	Data 0.005 (0.654)	Loss 318.1765 (412.1822)	
Epoch: [1][623/1427]	Time 2.916 (1.791)	Data 1.717 (0.655)	Loss 314.5306 (412.0255)	
Epoch: [1][624/1427]	Time 1.249 (1.790)	Data 0.027 (0.654)	Loss 324.8884 (411.8858)	
Epoch: [1][625/1427]	Time 1.225 (1.789)	Data 0.007 (0.653)	Loss 340.0296 (411.7709)	
Epoch: [1][626/1427]	Time 1.213 (1.788)	Data 0.005 (0.652)	Loss 329.9149 (411.6401)	
Epoch: [1][627/1427]	Time 3.401 (1.791)	Data 2.261 (0.655)	Loss 337.6133 (411.5220)	
Epoch: [1][628/1427]	Time 1.184 (1.790)	Data 0.004 (0.654)	Loss 401.7553 (411.5065)	
Epoch: [1][629/1427]	Time 1.150 (1.789)	Data 0.005 (0.653)	Loss 341.3275 (411.3949)	
Epoch: [1][630/1427]	Time 1.017 (1.788)	Data 0.005 (0.652)	Loss 355.8405 (411.3067)	
Epoch: [1][631/1427]	Time 3.421 (1.790)	Data 2.342 (0.654)	Loss 350.4725 (411.2103)	
Epoch: [1][632/1427]	Time 1.085 (1.789)	Data 0.015 (0.653)	Loss 340.4846 (411.0984)	
Epoch: [1][633/1427]	Time 1.183 (1.788)	Data 0.005 (0.652)	Loss 375.6562 (411.0424)	
Epoch: [1][634/1427]	Time 1.241 (1.787)	Data 0.005 (0.651)	Loss 347.1501 (410.9417)	
Epoch: [1][635/1427]	Time 4.046 (1.791)	Data 2.782 (0.655)	Loss 364.7501 (410.8689)	
Epoch: [1][636/1427]	Time 1.157 (1.790)	Data 0.005 (0.654)	Loss 350.9308 (410.7747)	
Epoch: [1][637/1427]	Time 1.217 (1.789)	Data 0.005 (0.653)	Loss 392.3074 (410.7457)	
Epoch: [1][638/1427]	Time 1.210 (1.788)	Data 0.006 (0.652)	Loss 509.0476 (410.8998)	
Epoch: [1][639/1427]	Time 3.744 (1.791)	Data 2.681 (0.655)	Loss 458.1280 (410.9737)	
Epoch: [1][640/1427]	Time 1.128 (1.790)	Data 0.005 (0.654)	Loss 438.7119 (411.0170)	
Epoch: [1][641/1427]	Time 1.105 (1.789)	Data 0.014 (0.653)	Loss 454.7967 (411.0853)	
Epoch: [1][642/1427]	Time 1.073 (1.788)	Data 0.004 (0.652)	Loss 372.1531 (411.0247)	
Epoch: [1][643/1427]	Time 3.558 (1.791)	Data 2.440 (0.655)	Loss 383.9680 (410.9826)	
Epoch: [1][644/1427]	Time 1.203 (1.790)	Data 0.004 (0.654)	Loss 459.1289 (411.0573)	
Epoch: [1][645/1427]	Time 1.084 (1.789)	Data 0.005 (0.653)	Loss 357.0533 (410.9736)	
Epoch: [1][646/1427]	Time 1.127 (1.787)	Data 0.005 (0.652)	Loss 374.6418 (410.9174)	
Epoch: [1][647/1427]	Time 3.851 (1.791)	Data 2.686 (0.655)	Loss 358.4008 (410.8362)	
Epoch: [1][648/1427]	Time 1.278 (1.790)	Data 0.006 (0.654)	Loss 297.9032 (410.6619)	
Epoch: [1][649/1427]	Time 1.107 (1.789)	Data 0.005 (0.653)	Loss 339.9238 (410.5529)	
Epoch: [1][650/1427]	Time 1.053 (1.788)	Data 0.005 (0.652)	Loss 347.9418 (410.4566)	
Epoch: [1][651/1427]	Time 3.504 (1.790)	Data 2.464 (0.654)	Loss 309.0260 (410.3008)	
Epoch: [1][652/1427]	Time 1.199 (1.789)	Data 0.004 (0.653)	Loss 383.9196 (410.2603)	
Epoch: [1][653/1427]	Time 1.033 (1.788)	Data 0.005 (0.652)	Loss 381.5164 (410.2163)	
Epoch: [1][654/1427]	Time 1.151 (1.787)	Data 0.008 (0.651)	Loss 381.0790 (410.1718)	
Epoch: [1][655/1427]	Time 4.447 (1.791)	Data 3.267 (0.655)	Loss 339.0687 (410.0632)	
Epoch: [1][656/1427]	Time 1.217 (1.790)	Data 0.018 (0.655)	Loss 254.0930 (409.8255)	
Epoch: [1][657/1427]	Time 1.245 (1.790)	Data 0.005 (0.654)	Loss 278.7928 (409.6260)	
Epoch: [1][658/1427]	Time 1.143 (1.789)	Data 0.006 (0.653)	Loss 286.6983 (409.4392)	
Epoch: [1][659/1427]	Time 3.410 (1.791)	Data 2.233 (0.655)	Loss 277.0317 (409.2383)	
Epoch: [1][660/1427]	Time 1.161 (1.790)	Data 0.004 (0.654)	Loss 248.1506 (408.9942)	
Epoch: [1][661/1427]	Time 1.089 (1.789)	Data 0.005 (0.653)	Loss 342.7901 (408.8940)	
Epoch: [1][662/1427]	Time 1.199 (1.788)	Data 0.013 (0.652)	Loss 322.6940 (408.7638)	
Epoch: [1][663/1427]	Time 3.583 (1.791)	Data 2.417 (0.655)	Loss 325.3226 (408.6380)	
Epoch: [1][664/1427]	Time 1.181 (1.790)	Data 0.006 (0.654)	Loss 301.6295 (408.4768)	
Epoch: [1][665/1427]	Time 1.134 (1.789)	Data 0.006 (0.653)	Loss 312.9639 (408.3332)	
Epoch: [1][666/1427]	Time 1.088 (1.788)	Data 0.005 (0.652)	Loss 379.5160 (408.2899)	
Epoch: [1][667/1427]	Time 3.560 (1.791)	Data 2.402 (0.654)	Loss 447.1402 (408.3482)	
Epoch: [1][668/1427]	Time 1.155 (1.790)	Data 0.004 (0.653)	Loss 382.9027 (408.3101)	
Epoch: [1][669/1427]	Time 1.051 (1.789)	Data 0.005 (0.652)	Loss 331.7711 (408.1957)	
Epoch: [1][670/1427]	Time 1.199 (1.788)	Data 0.009 (0.651)	Loss 378.1443 (408.1508)	
Epoch: [1][671/1427]	Time 4.165 (1.791)	Data 2.948 (0.655)	Loss 372.7425 (408.0980)	
Epoch: [1][672/1427]	Time 1.112 (1.790)	Data 0.005 (0.654)	Loss 304.5273 (407.9439)	
Epoch: [1][673/1427]	Time 1.213 (1.789)	Data 0.010 (0.653)	Loss 280.7451 (407.7549)	
Epoch: [1][674/1427]	Time 1.196 (1.788)	Data 0.009 (0.652)	Loss 303.8242 (407.6007)	
Epoch: [1][675/1427]	Time 4.254 (1.792)	Data 3.163 (0.656)	Loss 298.2366 (407.4387)	
Epoch: [1][676/1427]	Time 1.125 (1.791)	Data 0.004 (0.655)	Loss 287.7159 (407.2616)	
Epoch: [1][677/1427]	Time 1.191 (1.790)	Data 0.005 (0.654)	Loss 309.2444 (407.1168)	
Epoch: [1][678/1427]	Time 1.178 (1.789)	Data 0.021 (0.653)	Loss 266.2264 (406.9090)	
Epoch: [1][679/1427]	Time 4.477 (1.793)	Data 3.279 (0.657)	Loss 252.6865 (406.6819)	
Epoch: [1][680/1427]	Time 1.061 (1.792)	Data 0.005 (0.656)	Loss 272.9274 (406.4852)	
Epoch: [1][681/1427]	Time 1.274 (1.791)	Data 0.006 (0.655)	Loss 297.2602 (406.3248)	
Epoch: [1][682/1427]	Time 1.168 (1.791)	Data 0.006 (0.654)	Loss 269.8591 (406.1247)	
Epoch: [1][683/1427]	Time 3.296 (1.793)	Data 2.249 (0.656)	Loss 309.2940 (405.9829)	
Epoch: [1][684/1427]	Time 1.146 (1.792)	Data 0.007 (0.655)	Loss 359.9313 (405.9156)	
Epoch: [1][685/1427]	Time 1.220 (1.791)	Data 0.005 (0.654)	Loss 404.1617 (405.9130)	
Epoch: [1][686/1427]	Time 1.088 (1.790)	Data 0.005 (0.653)	Loss 313.2076 (405.7779)	
Epoch: [1][687/1427]	Time 3.219 (1.792)	Data 2.014 (0.655)	Loss 326.4391 (405.6624)	
Epoch: [1][688/1427]	Time 0.998 (1.791)	Data 0.004 (0.654)	Loss 318.7155 (405.5360)	
Epoch: [1][689/1427]	Time 1.132 (1.790)	Data 0.004 (0.653)	Loss 317.3459 (405.4080)	
Epoch: [1][690/1427]	Time 0.985 (1.789)	Data 0.005 (0.653)	Loss 224.1483 (405.1453)	
Epoch: [1][691/1427]	Time 2.688 (1.790)	Data 1.560 (0.654)	Loss 343.7614 (405.0565)	
Epoch: [1][692/1427]	Time 1.196 (1.789)	Data 0.006 (0.653)	Loss 228.4577 (404.8013)	
Epoch: [1][693/1427]	Time 1.033 (1.788)	Data 0.006 (0.652)	Loss 324.9842 (404.6861)	
Epoch: [1][694/1427]	Time 1.020 (1.787)	Data 0.005 (0.651)	Loss 307.6401 (404.5463)	
Epoch: [1][695/1427]	Time 2.322 (1.788)	Data 1.332 (0.652)	Loss 298.8181 (404.3942)	
Epoch: [1][696/1427]	Time 1.022 (1.787)	Data 0.004 (0.651)	Loss 328.7339 (404.2855)	
Epoch: [1][697/1427]	Time 1.134 (1.786)	Data 0.005 (0.650)	Loss 327.8676 (404.1758)	
Epoch: [1][698/1427]	Time 1.146 (1.785)	Data 0.019 (0.649)	Loss 303.5520 (404.0317)	
Epoch: [1][699/1427]	Time 2.892 (1.786)	Data 1.740 (0.651)	Loss 277.2161 (403.8502)	
Epoch: [1][700/1427]	Time 1.085 (1.785)	Data 0.006 (0.650)	Loss 288.6214 (403.6856)	
Epoch: [1][701/1427]	Time 1.110 (1.784)	Data 0.006 (0.649)	Loss 312.6171 (403.5557)	
Epoch: [1][702/1427]	Time 1.150 (1.784)	Data 0.005 (0.648)	Loss 295.1144 (403.4012)	
Epoch: [1][703/1427]	Time 3.911 (1.787)	Data 2.678 (0.651)	Loss 407.0587 (403.4064)	
Epoch: [1][704/1427]	Time 1.208 (1.786)	Data 0.005 (0.650)	Loss 390.6908 (403.3884)	
Epoch: [1][705/1427]	Time 1.141 (1.785)	Data 0.006 (0.649)	Loss 380.8462 (403.3564)	
Epoch: [1][706/1427]	Time 1.049 (1.784)	Data 0.005 (0.648)	Loss 341.7812 (403.2692)	
Epoch: [1][707/1427]	Time 3.603 (1.786)	Data 2.431 (0.651)	Loss 370.3495 (403.2226)	
Epoch: [1][708/1427]	Time 1.119 (1.785)	Data 0.015 (0.650)	Loss 398.2010 (403.2155)	
Epoch: [1][709/1427]	Time 1.150 (1.785)	Data 0.005 (0.649)	Loss 412.2747 (403.2283)	
Epoch: [1][710/1427]	Time 1.052 (1.784)	Data 0.005 (0.648)	Loss 357.8420 (403.1644)	
Epoch: [1][711/1427]	Time 3.313 (1.786)	Data 2.337 (0.650)	Loss 312.5159 (403.0369)	
Epoch: [1][712/1427]	Time 1.195 (1.785)	Data 0.004 (0.649)	Loss 328.8166 (402.9326)	
Epoch: [1][713/1427]	Time 1.065 (1.784)	Data 0.005 (0.649)	Loss 385.0367 (402.9075)	
Epoch: [1][714/1427]	Time 1.101 (1.783)	Data 0.005 (0.648)	Loss 397.9498 (402.9006)	
Epoch: [1][715/1427]	Time 4.005 (1.786)	Data 2.868 (0.651)	Loss 364.2557 (402.8466)	
Epoch: [1][716/1427]	Time 1.016 (1.785)	Data 0.005 (0.650)	Loss 341.8575 (402.7614)	
Epoch: [1][717/1427]	Time 1.169 (1.784)	Data 0.015 (0.649)	Loss 384.6486 (402.7361)	
Epoch: [1][718/1427]	Time 1.090 (1.783)	Data 0.005 (0.648)	Loss 325.1901 (402.6281)	
Epoch: [1][719/1427]	Time 3.287 (1.785)	Data 2.143 (0.650)	Loss 307.3741 (402.4956)	
Epoch: [1][720/1427]	Time 1.196 (1.784)	Data 0.004 (0.649)	Loss 320.1306 (402.3812)	
Epoch: [1][721/1427]	Time 1.139 (1.783)	Data 0.005 (0.648)	Loss 320.0337 (402.2670)	
Epoch: [1][722/1427]	Time 1.165 (1.783)	Data 0.008 (0.647)	Loss 275.1657 (402.0910)	
Epoch: [1][723/1427]	Time 3.247 (1.785)	Data 2.228 (0.650)	Loss 241.8991 (401.8694)	
Epoch: [1][724/1427]	Time 1.144 (1.784)	Data 0.017 (0.649)	Loss 319.1010 (401.7551)	
Epoch: [1][725/1427]	Time 1.209 (1.783)	Data 0.005 (0.648)	Loss 304.9091 (401.6215)	
Epoch: [1][726/1427]	Time 1.282 (1.782)	Data 0.023 (0.647)	Loss 275.3036 (401.4475)	
Epoch: [1][727/1427]	Time 3.938 (1.785)	Data 2.812 (0.650)	Loss 273.4303 (401.2714)	
Epoch: [1][728/1427]	Time 1.118 (1.784)	Data 0.005 (0.649)	Loss 268.6859 (401.0893)	
Epoch: [1][729/1427]	Time 1.018 (1.783)	Data 0.005 (0.648)	Loss 201.8664 (400.8160)	
Epoch: [1][730/1427]	Time 1.050 (1.782)	Data 0.008 (0.647)	Loss 257.9751 (400.6204)	
Epoch: [1][731/1427]	Time 4.074 (1.785)	Data 2.963 (0.651)	Loss 220.4479 (400.3739)	
Epoch: [1][732/1427]	Time 1.104 (1.784)	Data 0.014 (0.650)	Loss 362.8185 (400.3226)	
Epoch: [1][733/1427]	Time 1.148 (1.784)	Data 0.010 (0.649)	Loss 350.8143 (400.2550)	
Epoch: [1][734/1427]	Time 1.217 (1.783)	Data 0.028 (0.648)	Loss 343.4459 (400.1776)	
Epoch: [1][735/1427]	Time 4.282 (1.786)	Data 3.120 (0.651)	Loss 306.0586 (400.0496)	
Epoch: [1][736/1427]	Time 1.181 (1.785)	Data 0.007 (0.650)	Loss 321.4497 (399.9428)	
Epoch: [1][737/1427]	Time 1.176 (1.785)	Data 0.005 (0.650)	Loss 312.2180 (399.8238)	
Epoch: [1][738/1427]	Time 1.092 (1.784)	Data 0.009 (0.649)	Loss 283.7498 (399.6665)	
Epoch: [1][739/1427]	Time 3.741 (1.786)	Data 2.548 (0.651)	Loss 317.9510 (399.5559)	
Epoch: [1][740/1427]	Time 1.114 (1.785)	Data 0.005 (0.650)	Loss 321.5270 (399.4505)	
Epoch: [1][741/1427]	Time 1.110 (1.784)	Data 0.005 (0.650)	Loss 238.5085 (399.2333)	
Epoch: [1][742/1427]	Time 1.124 (1.784)	Data 0.013 (0.649)	Loss 347.1050 (399.1630)	
Epoch: [1][743/1427]	Time 2.900 (1.785)	Data 1.789 (0.650)	Loss 350.4030 (399.0974)	
Epoch: [1][744/1427]	Time 1.073 (1.784)	Data 0.005 (0.649)	Loss 317.3500 (398.9875)	
Epoch: [1][745/1427]	Time 1.120 (1.783)	Data 0.004 (0.648)	Loss 376.6313 (398.9575)	
Epoch: [1][746/1427]	Time 1.100 (1.782)	Data 0.037 (0.648)	Loss 418.2604 (398.9834)	
Epoch: [1][747/1427]	Time 4.268 (1.786)	Data 3.112 (0.651)	Loss 356.4740 (398.9265)	
Epoch: [1][748/1427]	Time 1.047 (1.785)	Data 0.006 (0.650)	Loss 332.6475 (398.8379)	
Epoch: [1][749/1427]	Time 1.070 (1.784)	Data 0.014 (0.649)	Loss 367.6420 (398.7962)	
Epoch: [1][750/1427]	Time 1.161 (1.783)	Data 0.005 (0.648)	Loss 365.9236 (398.7524)	
Epoch: [1][751/1427]	Time 2.970 (1.784)	Data 1.901 (0.650)	Loss 333.5513 (398.6656)	
Epoch: [1][752/1427]	Time 1.114 (1.784)	Data 0.004 (0.649)	Loss 328.2760 (398.5720)	
Epoch: [1][753/1427]	Time 0.979 (1.782)	Data 0.005 (0.648)	Loss 289.7812 (398.4275)	
Epoch: [1][754/1427]	Time 1.088 (1.782)	Data 0.004 (0.647)	Loss 297.5996 (398.2938)	
Epoch: [1][755/1427]	Time 3.666 (1.784)	Data 2.499 (0.650)	Loss 331.1841 (398.2049)	
Epoch: [1][756/1427]	Time 1.127 (1.783)	Data 0.018 (0.649)	Loss 328.9236 (398.1132)	
Epoch: [1][757/1427]	Time 1.064 (1.782)	Data 0.005 (0.648)	Loss 301.9072 (397.9861)	
Epoch: [1][758/1427]	Time 1.007 (1.781)	Data 0.005 (0.647)	Loss 238.0490 (397.7751)	
Epoch: [1][759/1427]	Time 3.159 (1.783)	Data 2.038 (0.649)	Loss 254.4130 (397.5863)	
Epoch: [1][760/1427]	Time 1.099 (1.782)	Data 0.008 (0.648)	Loss 333.8634 (397.5024)	
Epoch: [1][761/1427]	Time 1.129 (1.781)	Data 0.005 (0.648)	Loss 291.2233 (397.3628)	
Epoch: [1][762/1427]	Time 1.156 (1.780)	Data 0.009 (0.647)	Loss 334.0907 (397.2797)	
Epoch: [1][763/1427]	Time 3.979 (1.783)	Data 2.802 (0.650)	Loss 312.2263 (397.1682)	
Epoch: [1][764/1427]	Time 1.136 (1.782)	Data 0.005 (0.649)	Loss 323.5403 (397.0719)	
Epoch: [1][765/1427]	Time 1.106 (1.782)	Data 0.005 (0.648)	Loss 341.1624 (396.9988)	
Epoch: [1][766/1427]	Time 1.044 (1.781)	Data 0.006 (0.647)	Loss 247.8389 (396.8041)	
Epoch: [1][767/1427]	Time 3.633 (1.783)	Data 2.570 (0.649)	Loss 249.5024 (396.6120)	
Epoch: [1][768/1427]	Time 1.062 (1.782)	Data 0.006 (0.649)	Loss 308.5325 (396.4973)	
Epoch: [1][769/1427]	Time 1.022 (1.781)	Data 0.006 (0.648)	Loss 231.7569 (396.2831)	
Epoch: [1][770/1427]	Time 1.008 (1.780)	Data 0.007 (0.647)	Loss 262.9153 (396.1099)	
Epoch: [1][771/1427]	Time 3.381 (1.782)	Data 2.262 (0.649)	Loss 317.4355 (396.0079)	
Epoch: [1][772/1427]	Time 1.073 (1.781)	Data 0.017 (0.648)	Loss 278.6595 (395.8559)	
Epoch: [1][773/1427]	Time 1.125 (1.780)	Data 0.006 (0.647)	Loss 273.8103 (395.6980)	
Epoch: [1][774/1427]	Time 1.119 (1.780)	Data 0.013 (0.647)	Loss 311.8531 (395.5896)	
Epoch: [1][775/1427]	Time 3.509 (1.782)	Data 2.333 (0.649)	Loss 288.9077 (395.4520)	
Epoch: [1][776/1427]	Time 1.174 (1.781)	Data 0.005 (0.648)	Loss 311.8032 (395.3442)	
Epoch: [1][777/1427]	Time 1.151 (1.780)	Data 0.005 (0.647)	Loss 307.8834 (395.2316)	
Epoch: [1][778/1427]	Time 1.149 (1.779)	Data 0.010 (0.646)	Loss 299.0977 (395.1081)	
Epoch: [1][779/1427]	Time 3.399 (1.781)	Data 2.346 (0.648)	Loss 322.5136 (395.0149)	
Epoch: [1][780/1427]	Time 1.188 (1.781)	Data 0.014 (0.648)	Loss 285.0143 (394.8738)	
Epoch: [1][781/1427]	Time 1.256 (1.780)	Data 0.005 (0.647)	Loss 309.6973 (394.7648)	
Epoch: [1][782/1427]	Time 1.153 (1.779)	Data 0.005 (0.646)	Loss 282.3603 (394.6210)	
Epoch: [1][783/1427]	Time 3.437 (1.781)	Data 2.218 (0.648)	Loss 289.0396 (394.4862)	
Epoch: [1][784/1427]	Time 1.145 (1.781)	Data 0.005 (0.647)	Loss 292.1941 (394.3557)	
Epoch: [1][785/1427]	Time 1.144 (1.780)	Data 0.015 (0.646)	Loss 294.7168 (394.2288)	
Epoch: [1][786/1427]	Time 1.061 (1.779)	Data 0.005 (0.646)	Loss 328.9545 (394.1458)	
Epoch: [1][787/1427]	Time 3.786 (1.781)	Data 2.722 (0.648)	Loss 353.6986 (394.0944)	
Epoch: [1][788/1427]	Time 1.094 (1.781)	Data 0.006 (0.647)	Loss 325.5816 (394.0074)	
Epoch: [1][789/1427]	Time 1.127 (1.780)	Data 0.004 (0.647)	Loss 307.1918 (393.8974)	
Epoch: [1][790/1427]	Time 1.142 (1.779)	Data 0.005 (0.646)	Loss 332.4452 (393.8196)	
Epoch: [1][791/1427]	Time 3.382 (1.781)	Data 2.162 (0.648)	Loss 303.1497 (393.7050)	
Epoch: [1][792/1427]	Time 1.053 (1.780)	Data 0.004 (0.647)	Loss 306.7000 (393.5951)	
Epoch: [1][793/1427]	Time 1.189 (1.779)	Data 0.018 (0.646)	Loss 285.0128 (393.4582)	
Epoch: [1][794/1427]	Time 1.137 (1.778)	Data 0.009 (0.645)	Loss 271.0975 (393.3041)	
Epoch: [1][795/1427]	Time 3.240 (1.780)	Data 2.221 (0.647)	Loss 273.5666 (393.1535)	
Epoch: [1][796/1427]	Time 1.173 (1.779)	Data 0.025 (0.647)	Loss 271.6821 (393.0009)	
Epoch: [1][797/1427]	Time 1.151 (1.779)	Data 0.009 (0.646)	Loss 275.3931 (392.8533)	
Epoch: [1][798/1427]	Time 1.162 (1.778)	Data 0.004 (0.645)	Loss 295.6186 (392.7315)	
Epoch: [1][799/1427]	Time 2.584 (1.779)	Data 1.513 (0.646)	Loss 257.3695 (392.5620)	
Epoch: [1][800/1427]	Time 1.146 (1.778)	Data 0.005 (0.645)	Loss 279.7640 (392.4210)	
Epoch: [1][801/1427]	Time 1.080 (1.777)	Data 0.005 (0.644)	Loss 369.8987 (392.3929)	
Epoch: [1][802/1427]	Time 1.153 (1.776)	Data 0.009 (0.644)	Loss 407.6267 (392.4119)	
Epoch: [1][803/1427]	Time 4.408 (1.780)	Data 3.200 (0.647)	Loss 402.4035 (392.4244)	
Epoch: [1][804/1427]	Time 1.148 (1.779)	Data 0.004 (0.646)	Loss 404.1675 (392.4390)	
Epoch: [1][805/1427]	Time 1.049 (1.778)	Data 0.005 (0.645)	Loss 346.4789 (392.3819)	
Epoch: [1][806/1427]	Time 1.111 (1.777)	Data 0.009 (0.644)	Loss 277.1667 (392.2389)	
Epoch: [1][807/1427]	Time 3.032 (1.779)	Data 1.984 (0.646)	Loss 278.4193 (392.0979)	
Epoch: [1][808/1427]	Time 0.923 (1.778)	Data 0.005 (0.645)	Loss 243.2426 (391.9137)	
Epoch: [1][809/1427]	Time 1.053 (1.777)	Data 0.015 (0.644)	Loss 234.8797 (391.7196)	
Epoch: [1][810/1427]	Time 1.215 (1.776)	Data 0.011 (0.644)	Loss 319.5330 (391.6304)	
Epoch: [1][811/1427]	Time 3.569 (1.778)	Data 2.312 (0.646)	Loss 236.9796 (391.4397)	
Epoch: [1][812/1427]	Time 1.187 (1.778)	Data 0.018 (0.645)	Loss 367.0406 (391.4097)	
Epoch: [1][813/1427]	Time 1.209 (1.777)	Data 0.005 (0.644)	Loss 369.4469 (391.3827)	
Epoch: [1][814/1427]	Time 1.174 (1.776)	Data 0.010 (0.643)	Loss 356.1363 (391.3394)	
Epoch: [1][815/1427]	Time 3.212 (1.778)	Data 1.981 (0.645)	Loss 372.4204 (391.3162)	
Epoch: [1][816/1427]	Time 1.135 (1.777)	Data 0.005 (0.644)	Loss 329.7719 (391.2407)	
Epoch: [1][817/1427]	Time 1.048 (1.776)	Data 0.005 (0.643)	Loss 329.1336 (391.1647)	
Epoch: [1][818/1427]	Time 1.105 (1.775)	Data 0.009 (0.643)	Loss 353.2092 (391.1183)	
Epoch: [1][819/1427]	Time 4.434 (1.779)	Data 3.314 (0.646)	Loss 351.3777 (391.0698)	
Epoch: [1][820/1427]	Time 1.050 (1.778)	Data 0.005 (0.645)	Loss 272.4964 (390.9252)	
Epoch: [1][821/1427]	Time 1.181 (1.777)	Data 0.004 (0.644)	Loss 328.3014 (390.8489)	
Epoch: [1][822/1427]	Time 1.180 (1.776)	Data 0.008 (0.644)	Loss 272.2201 (390.7046)	
Epoch: [1][823/1427]	Time 4.072 (1.779)	Data 3.014 (0.647)	Loss 283.6125 (390.5745)	
Epoch: [1][824/1427]	Time 1.047 (1.778)	Data 0.004 (0.646)	Loss 216.2457 (390.3629)	
Epoch: [1][825/1427]	Time 1.152 (1.778)	Data 0.011 (0.645)	Loss 254.8187 (390.1986)	
Epoch: [1][826/1427]	Time 1.101 (1.777)	Data 0.005 (0.644)	Loss 291.9534 (390.0797)	
Epoch: [1][827/1427]	Time 2.811 (1.778)	Data 1.733 (0.646)	Loss 209.8583 (389.8618)	
Epoch: [1][828/1427]	Time 1.133 (1.777)	Data 0.005 (0.645)	Loss 176.5569 (389.6041)	
Epoch: [1][829/1427]	Time 1.035 (1.776)	Data 0.004 (0.644)	Loss 299.7095 (389.4957)	
Epoch: [1][830/1427]	Time 1.099 (1.775)	Data 0.019 (0.643)	Loss 314.3826 (389.4052)	
Epoch: [1][831/1427]	Time 4.029 (1.778)	Data 2.848 (0.646)	Loss 250.6770 (389.2383)	
Epoch: [1][832/1427]	Time 1.069 (1.777)	Data 0.005 (0.645)	Loss 245.9209 (389.0660)	
Epoch: [1][833/1427]	Time 1.070 (1.776)	Data 0.013 (0.644)	Loss 240.8216 (388.8880)	
Epoch: [1][834/1427]	Time 1.092 (1.776)	Data 0.009 (0.644)	Loss 224.7717 (388.6913)	
Epoch: [1][835/1427]	Time 4.545 (1.779)	Data 3.319 (0.647)	Loss 261.2098 (388.5386)	
Epoch: [1][836/1427]	Time 1.094 (1.778)	Data 0.005 (0.646)	Loss 251.4224 (388.3746)	
Epoch: [1][837/1427]	Time 1.163 (1.777)	Data 0.018 (0.645)	Loss 302.7840 (388.2723)	
Epoch: [1][838/1427]	Time 1.091 (1.777)	Data 0.005 (0.645)	Loss 289.3893 (388.1543)	
Epoch: [1][839/1427]	Time 3.105 (1.778)	Data 1.996 (0.646)	Loss 328.4185 (388.0831)	
Epoch: [1][840/1427]	Time 1.145 (1.777)	Data 0.005 (0.645)	Loss 317.1525 (387.9987)	
Epoch: [1][841/1427]	Time 1.078 (1.777)	Data 0.005 (0.645)	Loss 314.6567 (387.9115)	
Epoch: [1][842/1427]	Time 1.217 (1.776)	Data 0.004 (0.644)	Loss 330.3361 (387.8431)	
Epoch: [1][843/1427]	Time 3.880 (1.778)	Data 2.670 (0.646)	Loss 327.4818 (387.7715)	
Epoch: [1][844/1427]	Time 1.150 (1.778)	Data 0.005 (0.645)	Loss 325.5885 (387.6978)	
Epoch: [1][845/1427]	Time 1.168 (1.777)	Data 0.005 (0.645)	Loss 286.1039 (387.5776)	
Epoch: [1][846/1427]	Time 1.138 (1.776)	Data 0.005 (0.644)	Loss 274.9520 (387.4445)	
Epoch: [1][847/1427]	Time 4.112 (1.779)	Data 2.983 (0.647)	Loss 330.3044 (387.3770)	
Epoch: [1][848/1427]	Time 0.983 (1.778)	Data 0.006 (0.646)	Loss 267.0428 (387.2351)	
Epoch: [1][849/1427]	Time 1.209 (1.777)	Data 0.015 (0.645)	Loss 319.6159 (387.1554)	
Epoch: [1][850/1427]	Time 1.126 (1.777)	Data 0.006 (0.644)	Loss 274.1935 (387.0225)	
Epoch: [1][851/1427]	Time 2.933 (1.778)	Data 1.800 (0.646)	Loss 275.2448 (386.8912)	
Epoch: [1][852/1427]	Time 1.134 (1.777)	Data 0.005 (0.645)	Loss 282.4552 (386.7686)	
Epoch: [1][853/1427]	Time 1.154 (1.776)	Data 0.005 (0.644)	Loss 300.6301 (386.6676)	
Epoch: [1][854/1427]	Time 1.272 (1.776)	Data 0.024 (0.644)	Loss 302.0670 (386.5686)	
Epoch: [1][855/1427]	Time 2.816 (1.777)	Data 1.731 (0.645)	Loss 229.4009 (386.3848)	
Epoch: [1][856/1427]	Time 1.173 (1.776)	Data 0.004 (0.644)	Loss 276.2796 (386.2561)	
Epoch: [1][857/1427]	Time 1.192 (1.776)	Data 0.006 (0.643)	Loss 307.5383 (386.1643)	
Epoch: [1][858/1427]	Time 1.143 (1.775)	Data 0.004 (0.643)	Loss 293.9727 (386.0568)	
Epoch: [1][859/1427]	Time 4.129 (1.778)	Data 2.984 (0.645)	Loss 321.6840 (385.9819)	
Epoch: [1][860/1427]	Time 1.229 (1.777)	Data 0.005 (0.645)	Loss 322.9443 (385.9086)	
Epoch: [1][861/1427]	Time 1.118 (1.776)	Data 0.005 (0.644)	Loss 303.6773 (385.8131)	
Epoch: [1][862/1427]	Time 1.182 (1.776)	Data 0.005 (0.643)	Loss 262.4885 (385.6700)	
Epoch: [1][863/1427]	Time 3.903 (1.778)	Data 2.762 (0.646)	Loss 243.3142 (385.5051)	
Epoch: [1][864/1427]	Time 1.044 (1.777)	Data 0.004 (0.645)	Loss 245.6328 (385.3432)	
Epoch: [1][865/1427]	Time 1.206 (1.777)	Data 0.005 (0.644)	Loss 256.9555 (385.1947)	
Epoch: [1][866/1427]	Time 1.102 (1.776)	Data 0.006 (0.643)	Loss 251.9582 (385.0409)	
Epoch: [1][867/1427]	Time 3.954 (1.778)	Data 2.712 (0.646)	Loss 266.4524 (384.9041)	
Epoch: [1][868/1427]	Time 1.147 (1.778)	Data 0.005 (0.645)	Loss 258.4596 (384.7584)	
Epoch: [1][869/1427]	Time 1.119 (1.777)	Data 0.016 (0.644)	Loss 235.3320 (384.5865)	
Epoch: [1][870/1427]	Time 1.232 (1.776)	Data 0.005 (0.644)	Loss 342.2133 (384.5378)	
Epoch: [1][871/1427]	Time 3.299 (1.778)	Data 2.208 (0.645)	Loss 338.9173 (384.4854)	
Epoch: [1][872/1427]	Time 1.259 (1.777)	Data 0.005 (0.645)	Loss 327.7501 (384.4203)	
Epoch: [1][873/1427]	Time 1.114 (1.777)	Data 0.005 (0.644)	Loss 350.0428 (384.3810)	
Epoch: [1][874/1427]	Time 1.138 (1.776)	Data 0.005 (0.643)	Loss 319.9953 (384.3073)	